[2026-03-08 05:34:10] [DEBUG] Executing query: SELECT r.*, k.nama_kategori 
                FROM roti r 
                LEFT JOIN kategori k ON r.id_kategori = k.id_kategori 
                WHERE r.status = 'tersedia' AND r.stok > 0 
                ORDER BY r.id_roti DESC
[2026-03-08 05:34:21] [DEBUG] Executing query: SELECT r.*, k.nama_kategori 
                FROM roti r 
                LEFT JOIN kategori k ON r.id_kategori = k.id_kategori 
                WHERE r.status = 'tersedia' AND r.stok > 0 
                ORDER BY r.id_roti DESC
[2026-03-08 05:34:22] [DEBUG] Executing query: SELECT r.*, k.nama_kategori 
                FROM roti r 
                LEFT JOIN kategori k ON r.id_kategori = k.id_kategori 
                WHERE r.status = 'tersedia' AND r.stok > 0 
                ORDER BY r.id_roti DESC
[2026-03-08 05:34:29] [DEBUG] Executing query: SELECT r.*, k.nama_kategori 
                FROM roti r 
                LEFT JOIN kategori k ON r.id_kategori = k.id_kategori 
                WHERE r.status = 'tersedia' AND r.stok > 0 
                ORDER BY r.id_roti DESC
[2026-03-08 05:37:11] [DEBUG] Executing query: SELECT r.*, k.nama_kategori 
                FROM roti r 
                LEFT JOIN kategori k ON r.id_kategori = k.id_kategori 
                WHERE r.status = 'tersedia' AND r.stok > 0 
                ORDER BY r.id_roti DESC
[2026-03-08 05:39:44] [DEBUG] Executing query: SELECT r.*, k.nama_kategori 
                FROM roti r 
                LEFT JOIN kategori k ON r.id_kategori = k.id_kategori 
                WHERE r.status = 'tersedia' AND r.stok > 0 
                ORDER BY r.id_roti DESC
[2026-03-08 05:39:47] [DEBUG] Executing query: SELECT r.*, k.nama_kategori 
                FROM roti r 
                LEFT JOIN kategori k ON r.id_kategori = k.id_kategori 
                WHERE r.status = 'tersedia' AND r.stok > 0 
                ORDER BY r.id_roti DESC
[2026-03-08 05:40:06] [DEBUG] Executing query: SELECT * FROM admin WHERE username = 'admin' LIMIT 1
[2026-03-08 05:40:06] [WARNING] Failed login attempt for admin: admin - Wrong password
[2026-03-08 05:41:17] [DEBUG] Executing query: SELECT * FROM admin WHERE username = 'admin' LIMIT 1
[2026-03-08 05:41:17] [WARNING] Failed login attempt for admin: admin - Wrong password
[2026-03-08 05:41:21] [DEBUG] Executing query: SELECT * FROM admin WHERE username = 'admin' LIMIT 1
[2026-03-08 05:41:21] [WARNING] Failed login attempt for admin: admin - Wrong password
[2026-03-08 05:41:26] [DEBUG] Executing query: SELECT * FROM admin WHERE username = 'admin' LIMIT 1
[2026-03-08 05:41:26] [WARNING] Failed login attempt for admin: admin - Wrong password
[2026-03-08 05:42:14] [DEBUG] Executing query: SELECT * FROM admin WHERE username = 'admin' LIMIT 1
[2026-03-08 05:42:14] [WARNING] Failed login attempt for admin: admin - Wrong password
[2026-03-08 05:42:18] [DEBUG] Executing query: SELECT * FROM admin WHERE username = 'admin' LIMIT 1
[2026-03-08 05:42:18] [WARNING] Failed login attempt for admin: admin - Wrong password
[2026-03-08 05:42:23] [DEBUG] Executing query: SELECT r.*, k.nama_kategori 
                FROM roti r 
                LEFT JOIN kategori k ON r.id_kategori = k.id_kategori 
                WHERE r.status = 'tersedia' AND r.stok > 0 
                ORDER BY r.id_roti DESC
[2026-03-08 05:42:27] [DEBUG] Executing query: SELECT r.*, k.nama_kategori 
                FROM roti r 
                LEFT JOIN kategori k ON r.id_kategori = k.id_kategori 
                WHERE r.status = 'tersedia' AND r.stok > 0 
                ORDER BY r.id_roti DESC
[2026-03-08 05:44:10] [DEBUG] Executing query: SELECT r.*, k.nama_kategori 
                FROM roti r 
                LEFT JOIN kategori k ON r.id_kategori = k.id_kategori 
                WHERE r.status = 'tersedia' AND r.stok > 0 
                ORDER BY r.id_roti DESC
[2026-03-08 05:45:57] [DEBUG] Executing query: SELECT r.*, k.nama_kategori 
                FROM roti r 
                LEFT JOIN kategori k ON r.id_kategori = k.id_kategori 
                WHERE r.status = 'tersedia' AND r.stok > 0 
                ORDER BY r.id_roti DESC
[2026-03-08 05:46:24] [DEBUG] Executing query: SELECT r.*, k.nama_kategori 
                FROM roti r 
                LEFT JOIN kategori k ON r.id_kategori = k.id_kategori 
                WHERE r.status = 'tersedia' AND r.stok > 0 
                ORDER BY r.id_roti DESC
[2026-03-08 05:47:19] [DEBUG] Executing query: SELECT r.*, k.nama_kategori 
                FROM roti r 
                LEFT JOIN kategori k ON r.id_kategori = k.id_kategori 
                WHERE r.status = 'tersedia' AND r.stok > 0 
                ORDER BY r.id_roti DESC
[2026-03-08 05:56:36] [DEBUG] Executing query: SELECT r.*, k.nama_kategori 
                FROM roti r 
                LEFT JOIN kategori k ON r.id_kategori = k.id_kategori 
                WHERE r.status = 'tersedia' AND r.stok > 0 
                ORDER BY r.id_roti DESC
[2026-03-08 05:56:38] [DEBUG] Executing query: SELECT r.*, k.nama_kategori 
                FROM roti r 
                LEFT JOIN kategori k ON r.id_kategori = k.id_kategori 
                WHERE r.id_kategori = 8 AND r.status = 'tersedia' AND r.stok > 0 
                ORDER BY r.id_roti DESC
[2026-03-08 05:56:39] [DEBUG] Executing query: SELECT r.*, k.nama_kategori 
                FROM roti r 
                LEFT JOIN kategori k ON r.id_kategori = k.id_kategori 
                WHERE r.status = 'tersedia' AND r.stok > 0 
                ORDER BY r.id_roti DESC
[2026-03-08 05:56:39] [DEBUG] Executing query: SELECT r.*, k.nama_kategori 
                FROM roti r 
                LEFT JOIN kategori k ON r.id_kategori = k.id_kategori 
                WHERE r.id_kategori = 8 AND r.status = 'tersedia' AND r.stok > 0 
                ORDER BY r.id_roti DESC
[2026-03-08 05:56:40] [DEBUG] Executing query: SELECT r.*, k.nama_kategori 
                FROM roti r 
                LEFT JOIN kategori k ON r.id_kategori = k.id_kategori 
                WHERE r.id_kategori = 7 AND r.status = 'tersedia' AND r.stok > 0 
                ORDER BY r.id_roti DESC
[2026-03-08 05:56:40] [DEBUG] Executing query: SELECT r.*, k.nama_kategori 
                FROM roti r 
                LEFT JOIN kategori k ON r.id_kategori = k.id_kategori 
                WHERE r.id_kategori = 6 AND r.status = 'tersedia' AND r.stok > 0 
                ORDER BY r.id_roti DESC
[2026-03-08 05:56:42] [DEBUG] Executing query: SELECT r.*, k.nama_kategori 
                FROM roti r 
                LEFT JOIN kategori k ON r.id_kategori = k.id_kategori 
                WHERE r.id_kategori = 4 AND r.status = 'tersedia' AND r.stok > 0 
                ORDER BY r.id_roti DESC
[2026-03-08 05:56:43] [DEBUG] Executing query: SELECT r.*, k.nama_kategori 
                FROM roti r 
                LEFT JOIN kategori k ON r.id_kategori = k.id_kategori 
                WHERE r.status = 'tersedia' AND r.stok > 0 
                ORDER BY r.id_roti DESC
[2026-03-08 05:56:44] [DEBUG] Executing query: SELECT r.*, k.nama_kategori 
                FROM roti r 
                LEFT JOIN kategori k ON r.id_kategori = k.id_kategori 
                WHERE r.id_kategori = 1 AND r.status = 'tersedia' AND r.stok > 0 
                ORDER BY r.id_roti DESC
[2026-03-08 05:56:45] [DEBUG] Executing query: SELECT r.*, k.nama_kategori 
                FROM roti r 
                LEFT JOIN kategori k ON r.id_kategori = k.id_kategori 
                WHERE r.id_kategori = 3 AND r.status = 'tersedia' AND r.stok > 0 
                ORDER BY r.id_roti DESC
[2026-03-08 05:56:45] [DEBUG] Executing query: SELECT r.*, k.nama_kategori 
                FROM roti r 
                LEFT JOIN kategori k ON r.id_kategori = k.id_kategori 
                WHERE r.id_kategori = 2 AND r.status = 'tersedia' AND r.stok > 0 
                ORDER BY r.id_roti DESC
[2026-03-08 05:56:46] [DEBUG] Executing query: SELECT r.*, k.nama_kategori 
                FROM roti r 
                LEFT JOIN kategori k ON r.id_kategori = k.id_kategori 
                WHERE r.status = 'tersedia' AND r.stok > 0 
                ORDER BY r.id_roti DESC
[2026-03-08 05:57:01] [DEBUG] Executing query: SELECT r.*, k.nama_kategori 
                FROM roti r 
                LEFT JOIN kategori k ON r.id_kategori = k.id_kategori 
                WHERE r.status = 'tersedia' AND r.stok > 0 
                ORDER BY r.id_roti DESC
[2026-03-08 05:59:15] [DEBUG] Executing query: SELECT * FROM admin WHERE username = 'admin' LIMIT 1
[2026-03-08 05:59:15] [WARNING] Failed login attempt for admin: admin - Wrong password
[2026-03-08 06:16:11] [DEBUG] Executing query: SELECT r.*, k.nama_kategori 
                FROM roti r 
                LEFT JOIN kategori k ON r.id_kategori = k.id_kategori 
                WHERE r.status = 'tersedia' AND r.stok > 0 
                ORDER BY r.id_roti DESC
[2026-03-08 06:16:12] [DEBUG] Executing query: SELECT r.*, k.nama_kategori 
                FROM roti r 
                LEFT JOIN kategori k ON r.id_kategori = k.id_kategori 
                WHERE r.status = 'tersedia' AND r.stok > 0 
                ORDER BY r.id_roti DESC
[2026-03-08 06:16:13] [DEBUG] Executing query: SELECT r.*, k.nama_kategori 
                FROM roti r 
                LEFT JOIN kategori k ON r.id_kategori = k.id_kategori 
                WHERE r.status = 'tersedia' AND r.stok > 0 
                ORDER BY r.id_roti DESC
[2026-03-08 06:16:24] [DEBUG] Executing query: SELECT * FROM admin WHERE username = 'admin' LIMIT 1
[2026-03-08 06:16:24] [WARNING] Failed login attempt for admin: admin - Wrong password
[2026-03-08 06:17:03] [DEBUG] Executing query: SELECT * FROM admin WHERE username = 'admin' LIMIT 1
[2026-03-08 06:17:03] [WARNING] Failed login attempt for admin: admin - Wrong password
[2026-03-08 06:18:22] [DEBUG] Executing query: SELECT * FROM admin WHERE username = 'admin' LIMIT 1
[2026-03-08 06:18:22] [WARNING] Failed login attempt for admin: admin - Wrong password
[2026-03-08 06:18:35] [DEBUG] Executing query: SELECT * FROM admin WHERE username = 'Admin' LIMIT 1
[2026-03-08 06:18:35] [WARNING] Failed login attempt for admin: Admin - Wrong password
[2026-03-08 06:20:13] [DEBUG] Executing query: SELECT * FROM admin WHERE username = 'admin' LIMIT 1
[2026-03-08 06:20:13] [WARNING] Failed login attempt for admin: admin - Wrong password
[2026-03-08 06:22:20] [DEBUG] Executing query: SELECT COUNT(*) as total FROM roti
[2026-03-08 06:22:20] [DEBUG] Executing query: SELECT COUNT(*) as total FROM pesanan
[2026-03-08 06:22:20] [DEBUG] Executing query: SELECT COUNT(*) as total FROM pesanan WHERE status_pesanan = 'menunggu'
[2026-03-08 06:22:20] [DEBUG] Executing query: SELECT COUNT(*) as total FROM pelanggan
[2026-03-08 06:22:20] [DEBUG] Executing query: SELECT SUM(total_harga) as total FROM pesanan WHERE status_pesanan = 'selesai'
[2026-03-08 06:22:20] [DEBUG] Executing query: SELECT p.*, IFNULL(pl.nama_pelanggan, p.nama_pelanggan) as nama 
                FROM pesanan p 
                LEFT JOIN pelanggan pl ON p.id_pelanggan = pl.id_pelanggan 
                ORDER BY p.created_at DESC 
                LIMIT 5
[2026-03-08 06:22:20] [DEBUG] Executing query: SELECT * FROM roti WHERE stok <= 5 AND status = 'tersedia' ORDER BY stok ASC
[2026-03-08 06:22:33] [INFO] User logged out from admin
[2026-03-08 06:22:42] [DEBUG] Executing query: SELECT * FROM admin WHERE username = 'admin' LIMIT 1
[2026-03-08 06:22:42] [WARNING] Failed login attempt for admin: admin - Wrong password
[2026-03-08 06:22:49] [DEBUG] Executing query: SELECT * FROM admin WHERE username = 'admin' LIMIT 1
[2026-03-08 06:22:49] [WARNING] Failed login attempt for admin: admin - Wrong password
[2026-03-08 06:22:54] [DEBUG] Executing query: SELECT * FROM admin WHERE username = 'Admin' LIMIT 1
[2026-03-08 06:22:54] [WARNING] Failed login attempt for admin: Admin - Wrong password
[2026-03-08 06:23:07] [DEBUG] Executing query: SELECT * FROM admin WHERE username = 'admin' LIMIT 1
[2026-03-08 06:23:07] [WARNING] Failed login attempt for admin: admin - Wrong password
[2026-03-08 06:23:31] [DEBUG] Executing query: SELECT * FROM admin WHERE username = 'admin' LIMIT 1
[2026-03-08 06:23:31] [WARNING] Failed login attempt for admin: admin - Wrong password
[2026-03-08 06:23:37] [DEBUG] Executing query: SELECT * FROM admin WHERE username = 'admin' LIMIT 1
[2026-03-08 06:23:37] [WARNING] Failed login attempt for admin: admin - Wrong password
[2026-03-08 06:23:55] [DEBUG] Executing query: SELECT * FROM admin WHERE username = 'admin' LIMIT 1
[2026-03-08 06:23:55] [WARNING] Failed login attempt for admin: admin - Wrong password
[2026-03-08 06:24:01] [DEBUG] Executing query: SELECT * FROM admin WHERE username = 'admin' LIMIT 1
[2026-03-08 06:24:01] [WARNING] Failed login attempt for admin: admin - Wrong password
[2026-03-08 06:25:19] [DEBUG] Executing query: SELECT * FROM admin WHERE username = 'admin' LIMIT 1
[2026-03-08 06:25:19] [WARNING] Failed login attempt for admin: admin - Wrong password
[2026-03-08 06:25:37] [DEBUG] Executing query: SELECT * FROM admin WHERE username = 'admin' LIMIT 1
[2026-03-08 06:25:37] [WARNING] Failed login attempt for admin: admin - Wrong password
[2026-03-08 06:25:47] [DEBUG] Executing query: SELECT COUNT(*) as total FROM roti
[2026-03-08 06:25:47] [DEBUG] Executing query: SELECT COUNT(*) as total FROM pesanan
[2026-03-08 06:25:47] [DEBUG] Executing query: SELECT COUNT(*) as total FROM pesanan WHERE status_pesanan = 'menunggu'
[2026-03-08 06:25:47] [DEBUG] Executing query: SELECT COUNT(*) as total FROM pelanggan
[2026-03-08 06:25:47] [DEBUG] Executing query: SELECT SUM(total_harga) as total FROM pesanan WHERE status_pesanan = 'selesai'
[2026-03-08 06:25:47] [DEBUG] Executing query: SELECT p.*, IFNULL(pl.nama_pelanggan, p.nama_pelanggan) as nama 
                FROM pesanan p 
                LEFT JOIN pelanggan pl ON p.id_pelanggan = pl.id_pelanggan 
                ORDER BY p.created_at DESC 
                LIMIT 5
[2026-03-08 06:25:47] [DEBUG] Executing query: SELECT * FROM roti WHERE stok <= 5 AND status = 'tersedia' ORDER BY stok ASC
[2026-03-08 06:28:42] [DEBUG] Executing query: SELECT COUNT(*) as total FROM roti
[2026-03-08 06:28:42] [DEBUG] Executing query: SELECT COUNT(*) as total FROM pesanan
[2026-03-08 06:28:42] [DEBUG] Executing query: SELECT COUNT(*) as total FROM pesanan WHERE status_pesanan = 'menunggu'
[2026-03-08 06:28:42] [DEBUG] Executing query: SELECT COUNT(*) as total FROM pelanggan
[2026-03-08 06:28:42] [DEBUG] Executing query: SELECT SUM(total_harga) as total FROM pesanan WHERE status_pesanan = 'selesai'
[2026-03-08 06:28:42] [DEBUG] Executing query: SELECT p.*, IFNULL(pl.nama_pelanggan, p.nama_pelanggan) as nama 
                FROM pesanan p 
                LEFT JOIN pelanggan pl ON p.id_pelanggan = pl.id_pelanggan 
                ORDER BY p.created_at DESC 
                LIMIT 5
[2026-03-08 06:28:42] [DEBUG] Executing query: SELECT * FROM roti WHERE stok <= 5 AND status = 'tersedia' ORDER BY stok ASC
[2026-03-08 06:28:43] [INFO] User logged out from admin
[2026-03-08 06:28:54] [DEBUG] Executing query: SELECT * FROM admin WHERE username = 'admin' LIMIT 1
[2026-03-08 06:28:54] [WARNING] Failed login attempt for admin: admin - Wrong password
[2026-03-08 06:29:13] [DEBUG] Executing query: SELECT * FROM admin WHERE username = 'admin' LIMIT 1
[2026-03-08 06:29:13] [WARNING] Failed login attempt for admin: admin - Wrong password
[2026-03-08 06:30:37] [DEBUG] Executing query: SELECT * FROM admin WHERE username = 'admin' LIMIT 1
[2026-03-08 06:30:37] [WARNING] Failed login attempt for admin: admin - Wrong password
[2026-03-08 06:30:46] [DEBUG] Executing query: SELECT * FROM admin WHERE username = 'admin' LIMIT 1
[2026-03-08 06:30:46] [WARNING] Failed login attempt for admin: admin - Wrong password
[2026-03-08 06:31:00] [DEBUG] Executing query: SELECT * FROM admin WHERE username = 'admin' LIMIT 1
[2026-03-08 06:31:00] [WARNING] Failed login attempt for admin: admin - Wrong password
[2026-03-08 06:31:46] [DEBUG] Executing query: SELECT r.*, k.nama_kategori 
                FROM roti r 
                LEFT JOIN kategori k ON r.id_kategori = k.id_kategori 
                WHERE r.status = 'tersedia' AND r.stok > 0 
                ORDER BY r.id_roti DESC
[2026-03-08 06:31:49] [DEBUG] Executing query: SELECT r.*, k.nama_kategori 
                FROM roti r 
                LEFT JOIN kategori k ON r.id_kategori = k.id_kategori 
                WHERE r.status = 'tersedia' AND r.stok > 0 
                ORDER BY r.id_roti DESC
[2026-03-08 06:31:52] [DEBUG] Executing query: SELECT r.*, k.nama_kategori 
                FROM roti r 
                LEFT JOIN kategori k ON r.id_kategori = k.id_kategori 
                WHERE r.status = 'tersedia' AND r.stok > 0 
                ORDER BY r.id_roti DESC
[2026-03-08 06:31:57] [DEBUG] Executing query: SELECT * FROM admin WHERE username = 'admin' LIMIT 1
[2026-03-08 06:31:57] [WARNING] Failed login attempt for admin: admin - Wrong password
[2026-03-08 06:37:58] [DEBUG] Executing query: SELECT * FROM admin WHERE username = 'admin' LIMIT 1
[2026-03-08 06:37:58] [INFO] Admin admin logged in successfully
[2026-03-08 06:37:58] [DEBUG] Executing query: SELECT COUNT(*) as total FROM roti
[2026-03-08 06:37:58] [DEBUG] Executing query: SELECT COUNT(*) as total FROM pesanan
[2026-03-08 06:37:58] [DEBUG] Executing query: SELECT COUNT(*) as total FROM pesanan WHERE status_pesanan = 'menunggu'
[2026-03-08 06:37:58] [DEBUG] Executing query: SELECT COUNT(*) as total FROM pelanggan
[2026-03-08 06:37:58] [DEBUG] Executing query: SELECT SUM(total_harga) as total FROM pesanan WHERE status_pesanan = 'selesai'
[2026-03-08 06:37:58] [DEBUG] Executing query: SELECT p.*, IFNULL(pl.nama_pelanggan, p.nama_pelanggan) as nama 
                FROM pesanan p 
                LEFT JOIN pelanggan pl ON p.id_pelanggan = pl.id_pelanggan 
                ORDER BY p.created_at DESC 
                LIMIT 5
[2026-03-08 06:37:58] [DEBUG] Executing query: SELECT * FROM roti WHERE stok <= 5 AND status = 'tersedia' ORDER BY stok ASC
[2026-03-08 06:38:07] [INFO] User logged out from admin
[2026-03-08 06:38:11] [DEBUG] Executing query: SELECT * FROM admin WHERE username = 'admin' LIMIT 1
[2026-03-08 06:38:11] [INFO] Admin admin logged in successfully
[2026-03-08 06:38:11] [DEBUG] Executing query: SELECT COUNT(*) as total FROM roti
[2026-03-08 06:38:11] [DEBUG] Executing query: SELECT COUNT(*) as total FROM pesanan
[2026-03-08 06:38:11] [DEBUG] Executing query: SELECT COUNT(*) as total FROM pesanan WHERE status_pesanan = 'menunggu'
[2026-03-08 06:38:11] [DEBUG] Executing query: SELECT COUNT(*) as total FROM pelanggan
[2026-03-08 06:38:11] [DEBUG] Executing query: SELECT SUM(total_harga) as total FROM pesanan WHERE status_pesanan = 'selesai'
[2026-03-08 06:38:11] [DEBUG] Executing query: SELECT p.*, IFNULL(pl.nama_pelanggan, p.nama_pelanggan) as nama 
                FROM pesanan p 
                LEFT JOIN pelanggan pl ON p.id_pelanggan = pl.id_pelanggan 
                ORDER BY p.created_at DESC 
                LIMIT 5
[2026-03-08 06:38:11] [DEBUG] Executing query: SELECT * FROM roti WHERE stok <= 5 AND status = 'tersedia' ORDER BY stok ASC
[2026-03-08 06:38:55] [INFO] User logged out from admin
[2026-03-08 06:40:12] [DEBUG] Executing query: SELECT * FROM admin WHERE username = 'admin' LIMIT 1
[2026-03-08 06:40:12] [INFO] Admin admin logged in successfully
[2026-03-08 06:40:12] [DEBUG] Executing query: SELECT COUNT(*) as total FROM roti
[2026-03-08 06:40:12] [DEBUG] Executing query: SELECT COUNT(*) as total FROM pesanan
[2026-03-08 06:40:12] [DEBUG] Executing query: SELECT COUNT(*) as total FROM pesanan WHERE status_pesanan = 'menunggu'
[2026-03-08 06:40:12] [DEBUG] Executing query: SELECT COUNT(*) as total FROM pelanggan
[2026-03-08 06:40:12] [DEBUG] Executing query: SELECT SUM(total_harga) as total FROM pesanan WHERE status_pesanan = 'selesai'
[2026-03-08 06:40:12] [DEBUG] Executing query: SELECT p.*, IFNULL(pl.nama_pelanggan, p.nama_pelanggan) as nama 
                FROM pesanan p 
                LEFT JOIN pelanggan pl ON p.id_pelanggan = pl.id_pelanggan 
                ORDER BY p.created_at DESC 
                LIMIT 5
[2026-03-08 06:40:12] [DEBUG] Executing query: SELECT * FROM roti WHERE stok <= 5 AND status = 'tersedia' ORDER BY stok ASC
[2026-03-08 06:43:08] [DEBUG] Executing query: SELECT COUNT(*) as total FROM roti
[2026-03-08 06:43:08] [DEBUG] Executing query: SELECT COUNT(*) as total FROM pesanan
[2026-03-08 06:43:08] [DEBUG] Executing query: SELECT COUNT(*) as total FROM pesanan WHERE status_pesanan = 'menunggu'
[2026-03-08 06:43:08] [DEBUG] Executing query: SELECT COUNT(*) as total FROM pelanggan
[2026-03-08 06:43:08] [DEBUG] Executing query: SELECT SUM(total_harga) as total FROM pesanan WHERE status_pesanan = 'selesai'
[2026-03-08 06:43:08] [DEBUG] Executing query: SELECT p.*, IFNULL(pl.nama_pelanggan, p.nama_pelanggan) as nama 
                FROM pesanan p 
                LEFT JOIN pelanggan pl ON p.id_pelanggan = pl.id_pelanggan 
                ORDER BY p.created_at DESC 
                LIMIT 5
[2026-03-08 06:43:08] [DEBUG] Executing query: SELECT * FROM roti WHERE stok <= 5 AND status = 'tersedia' ORDER BY stok ASC
[2026-03-08 06:43:36] [DEBUG] Executing query: SELECT COUNT(*) as total FROM roti
[2026-03-08 06:43:36] [DEBUG] Executing query: SELECT COUNT(*) as total FROM pesanan
[2026-03-08 06:43:36] [DEBUG] Executing query: SELECT COUNT(*) as total FROM pesanan WHERE status_pesanan = 'menunggu'
[2026-03-08 06:43:36] [DEBUG] Executing query: SELECT COUNT(*) as total FROM pelanggan
[2026-03-08 06:43:36] [DEBUG] Executing query: SELECT SUM(total_harga) as total FROM pesanan WHERE status_pesanan = 'selesai'
[2026-03-08 06:43:36] [DEBUG] Executing query: SELECT p.*, IFNULL(pl.nama_pelanggan, p.nama_pelanggan) as nama 
                FROM pesanan p 
                LEFT JOIN pelanggan pl ON p.id_pelanggan = pl.id_pelanggan 
                ORDER BY p.created_at DESC 
                LIMIT 5
[2026-03-08 06:43:36] [DEBUG] Executing query: SELECT * FROM roti WHERE stok <= 5 AND status = 'tersedia' ORDER BY stok ASC
[2026-03-08 06:45:17] [DEBUG] Executing query: SELECT COUNT(*) as total FROM roti
[2026-03-08 06:45:17] [DEBUG] Executing query: SELECT COUNT(*) as total FROM pesanan
[2026-03-08 06:45:17] [DEBUG] Executing query: SELECT COUNT(*) as total FROM pesanan WHERE status_pesanan = 'menunggu'
[2026-03-08 06:45:17] [DEBUG] Executing query: SELECT COUNT(*) as total FROM pelanggan
[2026-03-08 06:45:17] [DEBUG] Executing query: SELECT SUM(total_harga) as total FROM pesanan WHERE status_pesanan = 'selesai'
[2026-03-08 06:45:17] [DEBUG] Executing query: SELECT p.*, IFNULL(pl.nama_pelanggan, p.nama_pelanggan) as nama 
                FROM pesanan p 
                LEFT JOIN pelanggan pl ON p.id_pelanggan = pl.id_pelanggan 
                ORDER BY p.created_at DESC 
                LIMIT 5
[2026-03-08 06:45:17] [DEBUG] Executing query: SELECT * FROM roti WHERE stok <= 5 AND status = 'tersedia' ORDER BY stok ASC
[2026-03-08 06:45:24] [DEBUG] Executing query: SELECT COUNT(*) as total FROM roti
[2026-03-08 06:45:24] [DEBUG] Executing query: SELECT COUNT(*) as total FROM pesanan
[2026-03-08 06:45:24] [DEBUG] Executing query: SELECT COUNT(*) as total FROM pesanan WHERE status_pesanan = 'menunggu'
[2026-03-08 06:45:24] [DEBUG] Executing query: SELECT COUNT(*) as total FROM pelanggan
[2026-03-08 06:45:24] [DEBUG] Executing query: SELECT SUM(total_harga) as total FROM pesanan WHERE status_pesanan = 'selesai'
[2026-03-08 06:45:24] [DEBUG] Executing query: SELECT p.*, IFNULL(pl.nama_pelanggan, p.nama_pelanggan) as nama 
                FROM pesanan p 
                LEFT JOIN pelanggan pl ON p.id_pelanggan = pl.id_pelanggan 
                ORDER BY p.created_at DESC 
                LIMIT 5
[2026-03-08 06:45:24] [DEBUG] Executing query: SELECT * FROM roti WHERE stok <= 5 AND status = 'tersedia' ORDER BY stok ASC
[2026-03-08 06:45:51] [DEBUG] Executing query: SELECT COUNT(*) as total FROM roti
[2026-03-08 06:45:51] [DEBUG] Executing query: SELECT COUNT(*) as total FROM pesanan
[2026-03-08 06:45:51] [DEBUG] Executing query: SELECT COUNT(*) as total FROM pesanan WHERE status_pesanan = 'menunggu'
[2026-03-08 06:45:51] [DEBUG] Executing query: SELECT COUNT(*) as total FROM pelanggan
[2026-03-08 06:45:51] [DEBUG] Executing query: SELECT SUM(total_harga) as total FROM pesanan WHERE status_pesanan = 'selesai'
[2026-03-08 06:45:51] [DEBUG] Executing query: SELECT p.*, IFNULL(pl.nama_pelanggan, p.nama_pelanggan) as nama 
                FROM pesanan p 
                LEFT JOIN pelanggan pl ON p.id_pelanggan = pl.id_pelanggan 
                ORDER BY p.created_at DESC 
                LIMIT 5
[2026-03-08 06:45:51] [DEBUG] Executing query: SELECT * FROM roti WHERE stok <= 5 AND status = 'tersedia' ORDER BY stok ASC
[2026-03-08 06:46:06] [DEBUG] Executing query: SELECT COUNT(*) as total FROM roti
[2026-03-08 06:46:06] [DEBUG] Executing query: SELECT COUNT(*) as total FROM pesanan
[2026-03-08 06:46:06] [DEBUG] Executing query: SELECT COUNT(*) as total FROM pesanan WHERE status_pesanan = 'menunggu'
[2026-03-08 06:46:06] [DEBUG] Executing query: SELECT COUNT(*) as total FROM pelanggan
[2026-03-08 06:46:06] [DEBUG] Executing query: SELECT SUM(total_harga) as total FROM pesanan WHERE status_pesanan = 'selesai'
[2026-03-08 06:46:06] [DEBUG] Executing query: SELECT p.*, IFNULL(pl.nama_pelanggan, p.nama_pelanggan) as nama 
                FROM pesanan p 
                LEFT JOIN pelanggan pl ON p.id_pelanggan = pl.id_pelanggan 
                ORDER BY p.created_at DESC 
                LIMIT 5
[2026-03-08 06:46:06] [DEBUG] Executing query: SELECT * FROM roti WHERE stok <= 5 AND status = 'tersedia' ORDER BY stok ASC
[2026-03-08 06:46:27] [DEBUG] Executing query: SELECT COUNT(*) as total FROM roti
[2026-03-08 06:46:27] [DEBUG] Executing query: SELECT COUNT(*) as total FROM pesanan
[2026-03-08 06:46:27] [DEBUG] Executing query: SELECT COUNT(*) as total FROM pesanan WHERE status_pesanan = 'menunggu'
[2026-03-08 06:46:27] [DEBUG] Executing query: SELECT COUNT(*) as total FROM pelanggan
[2026-03-08 06:46:27] [DEBUG] Executing query: SELECT SUM(total_harga) as total FROM pesanan WHERE status_pesanan = 'selesai'
[2026-03-08 06:46:27] [DEBUG] Executing query: SELECT p.*, IFNULL(pl.nama_pelanggan, p.nama_pelanggan) as nama 
                FROM pesanan p 
                LEFT JOIN pelanggan pl ON p.id_pelanggan = pl.id_pelanggan 
                ORDER BY p.created_at DESC 
                LIMIT 5
[2026-03-08 06:46:27] [DEBUG] Executing query: SELECT * FROM roti WHERE stok <= 5 AND status = 'tersedia' ORDER BY stok ASC
[2026-03-08 06:49:00] [DEBUG] Executing query: SELECT COUNT(*) as total FROM roti
[2026-03-08 06:49:00] [DEBUG] Executing query: SELECT COUNT(*) as total FROM pesanan
[2026-03-08 06:49:00] [DEBUG] Executing query: SELECT COUNT(*) as total FROM pesanan WHERE status_pesanan = 'menunggu'
[2026-03-08 06:49:00] [DEBUG] Executing query: SELECT COUNT(*) as total FROM pelanggan
[2026-03-08 06:49:00] [DEBUG] Executing query: SELECT SUM(total_harga) as total FROM pesanan WHERE status_pesanan = 'selesai'
[2026-03-08 06:49:00] [DEBUG] Executing query: SELECT p.*, IFNULL(pl.nama_pelanggan, p.nama_pelanggan) as nama 
                FROM pesanan p 
                LEFT JOIN pelanggan pl ON p.id_pelanggan = pl.id_pelanggan 
                ORDER BY p.created_at DESC 
                LIMIT 5
[2026-03-08 06:49:00] [DEBUG] Executing query: SELECT * FROM roti WHERE stok <= 5 AND status = 'tersedia' ORDER BY stok ASC
[2026-03-08 06:52:20] [DEBUG] Executing query: SELECT COUNT(*) as total FROM roti
[2026-03-08 06:52:20] [DEBUG] Executing query: SELECT COUNT(*) as total FROM pesanan
[2026-03-08 06:52:20] [DEBUG] Executing query: SELECT COUNT(*) as total FROM pesanan WHERE status_pesanan = 'menunggu'
[2026-03-08 06:52:20] [DEBUG] Executing query: SELECT COUNT(*) as total FROM pelanggan
[2026-03-08 06:52:20] [DEBUG] Executing query: SELECT SUM(total_harga) as total FROM pesanan WHERE status_pesanan = 'selesai'
[2026-03-08 06:52:20] [DEBUG] Executing query: SELECT p.*, IFNULL(pl.nama_pelanggan, p.nama_pelanggan) as nama 
                FROM pesanan p 
                LEFT JOIN pelanggan pl ON p.id_pelanggan = pl.id_pelanggan 
                ORDER BY p.created_at DESC 
                LIMIT 5
[2026-03-08 06:52:20] [DEBUG] Executing query: SELECT * FROM roti WHERE stok <= 5 AND status = 'tersedia' ORDER BY stok ASC
[2026-03-08 06:52:23] [DEBUG] Executing query: SELECT COUNT(*) as total FROM roti
[2026-03-08 06:52:23] [DEBUG] Executing query: SELECT COUNT(*) as total FROM pesanan
[2026-03-08 06:52:23] [DEBUG] Executing query: SELECT COUNT(*) as total FROM pesanan WHERE status_pesanan = 'menunggu'
[2026-03-08 06:52:23] [DEBUG] Executing query: SELECT COUNT(*) as total FROM pelanggan
[2026-03-08 06:52:23] [DEBUG] Executing query: SELECT SUM(total_harga) as total FROM pesanan WHERE status_pesanan = 'selesai'
[2026-03-08 06:52:23] [DEBUG] Executing query: SELECT p.*, IFNULL(pl.nama_pelanggan, p.nama_pelanggan) as nama 
                FROM pesanan p 
                LEFT JOIN pelanggan pl ON p.id_pelanggan = pl.id_pelanggan 
                ORDER BY p.created_at DESC 
                LIMIT 5
[2026-03-08 06:52:23] [DEBUG] Executing query: SELECT * FROM roti WHERE stok <= 5 AND status = 'tersedia' ORDER BY stok ASC
[2026-03-08 06:55:24] [INFO] User logged out from admin
[2026-03-08 06:55:28] [DEBUG] Executing query: SELECT * FROM admin WHERE username = 'admin' LIMIT 1
[2026-03-08 06:55:28] [INFO] Admin admin logged in successfully
[2026-03-08 06:55:28] [DEBUG] Executing query: SELECT COUNT(*) as total FROM roti
[2026-03-08 06:55:28] [DEBUG] Executing query: SELECT COUNT(*) as total FROM pesanan
[2026-03-08 06:55:28] [DEBUG] Executing query: SELECT COUNT(*) as total FROM pesanan WHERE status_pesanan = 'menunggu'
[2026-03-08 06:55:28] [DEBUG] Executing query: SELECT COUNT(*) as total FROM pelanggan
[2026-03-08 06:55:28] [DEBUG] Executing query: SELECT SUM(total_harga) as total FROM pesanan WHERE status_pesanan = 'selesai'
[2026-03-08 06:55:28] [DEBUG] Executing query: SELECT p.*, IFNULL(pl.nama_pelanggan, p.nama_pelanggan) as nama 
                FROM pesanan p 
                LEFT JOIN pelanggan pl ON p.id_pelanggan = pl.id_pelanggan 
                ORDER BY p.created_at DESC 
                LIMIT 5
[2026-03-08 06:55:28] [DEBUG] Executing query: SELECT * FROM roti WHERE stok <= 5 AND status = 'tersedia' ORDER BY stok ASC
[2026-03-08 06:57:48] [DEBUG] Executing query: SELECT COUNT(*) as total FROM roti
[2026-03-08 06:57:48] [DEBUG] Executing query: SELECT COUNT(*) as total FROM pesanan
[2026-03-08 06:57:48] [DEBUG] Executing query: SELECT COUNT(*) as total FROM pesanan WHERE status_pesanan = 'menunggu'
[2026-03-08 06:57:48] [DEBUG] Executing query: SELECT COUNT(*) as total FROM pelanggan
[2026-03-08 06:57:48] [DEBUG] Executing query: SELECT SUM(total_harga) as total FROM pesanan WHERE status_pesanan = 'selesai'
[2026-03-08 06:57:48] [DEBUG] Executing query: SELECT p.*, IFNULL(pl.nama_pelanggan, p.nama_pelanggan) as nama 
                FROM pesanan p 
                LEFT JOIN pelanggan pl ON p.id_pelanggan = pl.id_pelanggan 
                ORDER BY p.created_at DESC 
                LIMIT 5
[2026-03-08 06:57:48] [DEBUG] Executing query: SELECT * FROM roti WHERE stok <= 5 AND status = 'tersedia' ORDER BY stok ASC
[2026-03-08 06:58:17] [DEBUG] Executing query: SELECT COUNT(*) as total FROM roti
[2026-03-08 06:58:17] [DEBUG] Executing query: SELECT COUNT(*) as total FROM pesanan
[2026-03-08 06:58:17] [DEBUG] Executing query: SELECT COUNT(*) as total FROM pesanan WHERE status_pesanan = 'menunggu'
[2026-03-08 06:58:17] [DEBUG] Executing query: SELECT COUNT(*) as total FROM pelanggan
[2026-03-08 06:58:17] [DEBUG] Executing query: SELECT SUM(total_harga) as total FROM pesanan WHERE status_pesanan = 'selesai'
[2026-03-08 06:58:17] [DEBUG] Executing query: SELECT p.*, IFNULL(pl.nama_pelanggan, p.nama_pelanggan) as nama 
                FROM pesanan p 
                LEFT JOIN pelanggan pl ON p.id_pelanggan = pl.id_pelanggan 
                ORDER BY p.created_at DESC 
                LIMIT 5
[2026-03-08 06:58:17] [DEBUG] Executing query: SELECT * FROM roti WHERE stok <= 5 AND status = 'tersedia' ORDER BY stok ASC
[2026-03-08 07:01:32] [DEBUG] Executing query: SELECT COUNT(*) as total FROM roti
[2026-03-08 07:01:32] [DEBUG] Executing query: SELECT COUNT(*) as total FROM pesanan
[2026-03-08 07:01:32] [DEBUG] Executing query: SELECT COUNT(*) as total FROM pesanan WHERE status_pesanan = 'menunggu'
[2026-03-08 07:01:32] [DEBUG] Executing query: SELECT COUNT(*) as total FROM pelanggan
[2026-03-08 07:01:32] [DEBUG] Executing query: SELECT SUM(total_harga) as total FROM pesanan WHERE status_pesanan = 'selesai'
[2026-03-08 07:01:32] [DEBUG] Executing query: SELECT p.*, IFNULL(pl.nama_pelanggan, p.nama_pelanggan) as nama 
                FROM pesanan p 
                LEFT JOIN pelanggan pl ON p.id_pelanggan = pl.id_pelanggan 
                ORDER BY p.created_at DESC 
                LIMIT 5
[2026-03-08 07:01:32] [DEBUG] Executing query: SELECT * FROM roti WHERE stok <= 5 AND status = 'tersedia' ORDER BY stok ASC
[2026-03-08 07:01:35] [DEBUG] Executing query: SELECT COUNT(*) as total FROM roti
[2026-03-08 07:01:35] [DEBUG] Executing query: SELECT COUNT(*) as total FROM pesanan
[2026-03-08 07:01:35] [DEBUG] Executing query: SELECT COUNT(*) as total FROM pesanan WHERE status_pesanan = 'menunggu'
[2026-03-08 07:01:35] [DEBUG] Executing query: SELECT COUNT(*) as total FROM pelanggan
[2026-03-08 07:01:35] [DEBUG] Executing query: SELECT SUM(total_harga) as total FROM pesanan WHERE status_pesanan = 'selesai'
[2026-03-08 07:01:35] [DEBUG] Executing query: SELECT p.*, IFNULL(pl.nama_pelanggan, p.nama_pelanggan) as nama 
                FROM pesanan p 
                LEFT JOIN pelanggan pl ON p.id_pelanggan = pl.id_pelanggan 
                ORDER BY p.created_at DESC 
                LIMIT 5
[2026-03-08 07:01:35] [DEBUG] Executing query: SELECT * FROM roti WHERE stok <= 5 AND status = 'tersedia' ORDER BY stok ASC
[2026-03-08 07:12:59] [DEBUG] Executing query: SELECT COUNT(*) as total FROM roti
[2026-03-08 07:12:59] [DEBUG] Executing query: SELECT COUNT(*) as total FROM pesanan
[2026-03-08 07:12:59] [DEBUG] Executing query: SELECT COUNT(*) as total FROM pesanan WHERE status_pesanan = 'menunggu'
[2026-03-08 07:12:59] [DEBUG] Executing query: SELECT COUNT(*) as total FROM pelanggan
[2026-03-08 07:12:59] [DEBUG] Executing query: SELECT SUM(total_harga) as total FROM pesanan WHERE status_pesanan = 'selesai'
[2026-03-08 07:12:59] [DEBUG] Executing query: SELECT p.*, IFNULL(pl.nama_pelanggan, p.nama_pelanggan) as nama 
                FROM pesanan p 
                LEFT JOIN pelanggan pl ON p.id_pelanggan = pl.id_pelanggan 
                ORDER BY p.created_at DESC 
                LIMIT 5
[2026-03-08 07:12:59] [DEBUG] Executing query: SELECT * FROM roti WHERE stok <= 5 AND status = 'tersedia' ORDER BY stok ASC
[2026-03-08 07:13:00] [INFO] User logged out from admin
[2026-03-08 07:14:51] [DEBUG] Executing query: SELECT * FROM admin WHERE username = 'admin' LIMIT 1
[2026-03-08 07:14:51] [INFO] Admin admin logged in successfully
[2026-03-08 07:14:51] [DEBUG] Executing query: SELECT COUNT(*) as total FROM roti
[2026-03-08 07:14:51] [DEBUG] Executing query: SELECT COUNT(*) as total FROM pesanan
[2026-03-08 07:14:51] [DEBUG] Executing query: SELECT COUNT(*) as total FROM pesanan WHERE status_pesanan = 'menunggu'
[2026-03-08 07:14:51] [DEBUG] Executing query: SELECT COUNT(*) as total FROM pelanggan
[2026-03-08 07:14:51] [DEBUG] Executing query: SELECT SUM(total_harga) as total FROM pesanan WHERE status_pesanan = 'selesai'
[2026-03-08 07:14:51] [DEBUG] Executing query: SELECT p.*, IFNULL(pl.nama_pelanggan, p.nama_pelanggan) as nama 
                FROM pesanan p 
                LEFT JOIN pelanggan pl ON p.id_pelanggan = pl.id_pelanggan 
                ORDER BY p.created_at DESC 
                LIMIT 5
[2026-03-08 07:14:51] [DEBUG] Executing query: SELECT * FROM roti WHERE stok <= 5 AND status = 'tersedia' ORDER BY stok ASC
[2026-03-08 07:14:52] [INFO] User logged out from admin
[2026-03-08 07:15:20] [DEBUG] Executing query: SELECT * FROM admin WHERE username = 'admin' LIMIT 1
[2026-03-08 07:15:20] [INFO] Admin admin logged in successfully
[2026-03-08 07:15:20] [DEBUG] Executing query: SELECT COUNT(*) as total FROM roti
[2026-03-08 07:15:20] [DEBUG] Executing query: SELECT COUNT(*) as total FROM pesanan
[2026-03-08 07:15:20] [DEBUG] Executing query: SELECT COUNT(*) as total FROM pesanan WHERE status_pesanan = 'menunggu'
[2026-03-08 07:15:20] [DEBUG] Executing query: SELECT COUNT(*) as total FROM pelanggan
[2026-03-08 07:15:20] [DEBUG] Executing query: SELECT SUM(total_harga) as total FROM pesanan WHERE status_pesanan = 'selesai'
[2026-03-08 07:15:20] [DEBUG] Executing query: SELECT p.*, IFNULL(pl.nama_pelanggan, p.nama_pelanggan) as nama 
                FROM pesanan p 
                LEFT JOIN pelanggan pl ON p.id_pelanggan = pl.id_pelanggan 
                ORDER BY p.created_at DESC 
                LIMIT 5
[2026-03-08 07:15:20] [DEBUG] Executing query: SELECT * FROM roti WHERE stok <= 5 AND status = 'tersedia' ORDER BY stok ASC
[2026-03-08 07:17:09] [DEBUG] Executing query: SELECT * FROM pelanggan WHERE email = 'Bagas@gmail.com' LIMIT 1
[2026-03-08 07:17:10] [DEBUG] Executing query: INSERT INTO pelanggan (nama_pelanggan, email, password, no_telepon, alamat) 
                VALUES ('Bagas', 'Bagas@gmail.com', '$2y$10$L5MB00jWNHeKpQRpysM0iOJ30534cW5pD9G11UsQ1KdswjcPt/IZy', '08963627281', 'Buduk Mengwi')
[2026-03-08 07:17:10] [INFO] Created new record in pelanggan with ID: 1
[2026-03-08 07:17:10] [INFO] New pelanggan registered: Bagas@gmail.com
[2026-03-08 07:17:54] [DEBUG] Executing query: SELECT * FROM pelanggan WHERE email = 'aulia.rahma@gmail.com' LIMIT 1
[2026-03-08 07:17:54] [DEBUG] Executing query: INSERT INTO pelanggan (nama_pelanggan, email, password, no_telepon, alamat) 
                VALUES ('Aulia Rahma', 'aulia.rahma@gmail.com', '$2y$10$pK9PGKZVwLhatekD4YOc3Ohn.2faH8uohRxXDtpW4p8mzAz8fp7he', '081234567890', 'Denpasar Selatan')
[2026-03-08 07:17:54] [INFO] Created new record in pelanggan with ID: 2
[2026-03-08 07:17:54] [INFO] New pelanggan registered: aulia.rahma@gmail.com
[2026-03-08 07:18:16] [DEBUG] Executing query: SELECT * FROM pelanggan WHERE email = 'dimas.pratama@yahoo.com' LIMIT 1
[2026-03-08 07:18:16] [DEBUG] Executing query: INSERT INTO pelanggan (nama_pelanggan, email, password, no_telepon, alamat) 
                VALUES ('Dimas Pratama', 'dimas.pratama@yahoo.com', '$2y$10$KsQNfY1HAoZGPwEld1HKWuuwI5IOowbwHyV0FKdpXydZCJ6oqftVa', '082198765432', 'Kerobokan')
[2026-03-08 07:18:16] [INFO] Created new record in pelanggan with ID: 3
[2026-03-08 07:18:16] [INFO] New pelanggan registered: dimas.pratama@yahoo.com
[2026-03-08 07:18:41] [DEBUG] Executing query: SELECT * FROM pelanggan WHERE email = 'sari.putri@gmail.com' LIMIT 1
[2026-03-08 07:18:41] [DEBUG] Executing query: INSERT INTO pelanggan (nama_pelanggan, email, password, no_telepon, alamat) 
                VALUES ('Sari Putri', 'sari.putri@gmail.com', '$2y$10$oQ4CWFoScH9AdUTaVD/E7etyuNm2cfMd0HdZyrf45J7HUjb.7EjHK', '089876543210', 'Mengwi')
[2026-03-08 07:18:41] [INFO] Created new record in pelanggan with ID: 4
[2026-03-08 07:18:41] [INFO] New pelanggan registered: sari.putri@gmail.com
[2026-03-08 07:19:06] [DEBUG] Executing query: SELECT * FROM pelanggan WHERE email = 'yoga.santoso@hotmail.com' LIMIT 1
[2026-03-08 07:19:06] [DEBUG] Executing query: INSERT INTO pelanggan (nama_pelanggan, email, password, no_telepon, alamat) 
                VALUES ('Yoga Santoso', 'yoga.santoso@hotmail.com', '$2y$10$wKuboR9H4c2UYkvqkB9oN.3BUnzvOLYaV6fDUirrCqMKJIzmZz5Hy', '081298765432', 'Denpasar Timur')
[2026-03-08 07:19:06] [INFO] Created new record in pelanggan with ID: 5
[2026-03-08 07:19:06] [INFO] New pelanggan registered: yoga.santoso@hotmail.com
[2026-03-08 07:19:32] [DEBUG] Executing query: SELECT * FROM pelanggan WHERE email = 'nia.kusuma@gmail.com' LIMIT 1
[2026-03-08 07:19:32] [DEBUG] Executing query: INSERT INTO pelanggan (nama_pelanggan, email, password, no_telepon, alamat) 
                VALUES ('Nia Kusuma', 'nia.kusuma@gmail.com', '$2y$10$R9GyeK.OfI3zZtSu05LgpOU07e2obsICLz/pWFVKcT/eRS0/CLz3e', '082334455667', 'Ubud')
[2026-03-08 07:19:32] [INFO] Created new record in pelanggan with ID: 6
[2026-03-08 07:19:32] [INFO] New pelanggan registered: nia.kusuma@gmail.com
[2026-03-08 07:19:49] [DEBUG] Executing query: SELECT * FROM pelanggan WHERE email = 'nia.kusuma@gmail.com' LIMIT 1
[2026-03-08 07:19:49] [INFO] Pelanggan nia.kusuma@gmail.com logged in successfully
[2026-03-08 07:19:49] [DEBUG] Executing query: SELECT r.*, k.nama_kategori 
                FROM roti r 
                LEFT JOIN kategori k ON r.id_kategori = k.id_kategori 
                WHERE r.status = 'tersedia' AND r.stok > 0 
                ORDER BY r.id_roti DESC
[2026-03-08 07:22:51] [DEBUG] Executing query: SELECT r.*, k.nama_kategori 
                FROM roti r 
                LEFT JOIN kategori k ON r.id_kategori = k.id_kategori 
                WHERE r.status = 'tersedia' AND r.stok > 0 
                ORDER BY r.id_roti DESC
[2026-03-08 07:22:53] [DEBUG] Executing query: SELECT r.*, k.nama_kategori 
                FROM roti r 
                LEFT JOIN kategori k ON r.id_kategori = k.id_kategori 
                WHERE r.status = 'tersedia' AND r.stok > 0 
                ORDER BY r.id_roti DESC
[2026-03-08 07:22:54] [DEBUG] Executing query: SELECT r.*, k.nama_kategori 
                FROM roti r 
                LEFT JOIN kategori k ON r.id_kategori = k.id_kategori 
                WHERE r.status = 'tersedia' AND r.stok > 0 
                ORDER BY r.id_roti DESC
[2026-03-08 07:22:55] [DEBUG] Executing query: SELECT r.*, k.nama_kategori 
                FROM roti r 
                LEFT JOIN kategori k ON r.id_kategori = k.id_kategori 
                WHERE r.status = 'tersedia' AND r.stok > 0 
                ORDER BY r.id_roti DESC
[2026-03-08 07:23:01] [DEBUG] Executing query: SELECT r.*, k.nama_kategori 
                FROM roti r 
                LEFT JOIN kategori k ON r.id_kategori = k.id_kategori 
                WHERE r.status = 'tersedia' AND r.stok > 0 
                ORDER BY r.id_roti DESC
[2026-03-08 07:23:02] [DEBUG] Executing query: SELECT r.*, k.nama_kategori 
                FROM roti r 
                LEFT JOIN kategori k ON r.id_kategori = k.id_kategori 
                WHERE r.status = 'tersedia' AND r.stok > 0 
                ORDER BY r.id_roti DESC
[2026-03-08 07:23:05] [DEBUG] Executing query: SELECT r.*, k.nama_kategori 
                FROM roti r 
                LEFT JOIN kategori k ON r.id_kategori = k.id_kategori 
                WHERE r.status = 'tersedia' AND r.stok > 0 
                ORDER BY r.id_roti DESC
[2026-03-08 07:24:55] [DEBUG] Executing query: SELECT r.*, k.nama_kategori 
                FROM roti r 
                LEFT JOIN kategori k ON r.id_kategori = k.id_kategori 
                WHERE r.status = 'tersedia' AND r.stok > 0 
                ORDER BY r.id_roti DESC
[2026-03-08 07:24:57] [DEBUG] Executing query: SELECT r.*, k.nama_kategori 
                FROM roti r 
                LEFT JOIN kategori k ON r.id_kategori = k.id_kategori 
                WHERE r.status = 'tersedia' AND r.stok > 0 
                ORDER BY r.id_roti DESC
[2026-03-08 07:24:57] [DEBUG] Executing query: SELECT r.*, k.nama_kategori 
                FROM roti r 
                LEFT JOIN kategori k ON r.id_kategori = k.id_kategori 
                WHERE r.status = 'tersedia' AND r.stok > 0 
                ORDER BY r.id_roti DESC
[2026-03-08 07:25:37] [DEBUG] Executing query: SELECT r.*, k.nama_kategori 
                FROM roti r 
                LEFT JOIN kategori k ON r.id_kategori = k.id_kategori 
                WHERE r.status = 'tersedia' AND r.stok > 0 
                ORDER BY r.id_roti DESC
[2026-03-08 07:25:39] [DEBUG] Executing query: SELECT r.*, k.nama_kategori 
                FROM roti r 
                LEFT JOIN kategori k ON r.id_kategori = k.id_kategori 
                WHERE r.status = 'tersedia' AND r.stok > 0 
                ORDER BY r.id_roti DESC
[2026-03-08 07:25:40] [DEBUG] Executing query: SELECT r.*, k.nama_kategori 
                FROM roti r 
                LEFT JOIN kategori k ON r.id_kategori = k.id_kategori 
                WHERE r.status = 'tersedia' AND r.stok > 0 
                ORDER BY r.id_roti DESC
[2026-03-08 07:25:47] [DEBUG] Executing query: SELECT r.*, k.nama_kategori 
                FROM roti r 
                LEFT JOIN kategori k ON r.id_kategori = k.id_kategori 
                WHERE r.status = 'tersedia' AND r.stok > 0 
                ORDER BY r.id_roti DESC
[2026-03-08 07:27:52] [DEBUG] Executing query: SELECT r.*, k.nama_kategori 
                FROM roti r 
                LEFT JOIN kategori k ON r.id_kategori = k.id_kategori 
                WHERE r.status = 'tersedia' AND r.stok > 0 
                ORDER BY r.id_roti DESC
[2026-03-08 07:27:54] [DEBUG] Executing query: SELECT r.*, k.nama_kategori 
                FROM roti r 
                LEFT JOIN kategori k ON r.id_kategori = k.id_kategori 
                WHERE r.status = 'tersedia' AND r.stok > 0 
                ORDER BY r.id_roti DESC
[2026-03-08 07:28:38] [DEBUG] Executing query: SELECT r.*, k.nama_kategori 
                FROM roti r 
                LEFT JOIN kategori k ON r.id_kategori = k.id_kategori 
                WHERE r.status = 'tersedia' AND r.stok > 0 
                ORDER BY r.id_roti DESC
[2026-03-08 07:28:39] [DEBUG] Executing query: SELECT r.*, k.nama_kategori 
                FROM roti r 
                LEFT JOIN kategori k ON r.id_kategori = k.id_kategori 
                WHERE r.status = 'tersedia' AND r.stok > 0 
                ORDER BY r.id_roti DESC
[2026-03-08 07:28:39] [DEBUG] Executing query: SELECT r.*, k.nama_kategori 
                FROM roti r 
                LEFT JOIN kategori k ON r.id_kategori = k.id_kategori 
                WHERE r.status = 'tersedia' AND r.stok > 0 
                ORDER BY r.id_roti DESC
[2026-03-08 07:29:20] [DEBUG] Executing query: SELECT r.*, k.nama_kategori 
                FROM roti r 
                LEFT JOIN kategori k ON r.id_kategori = k.id_kategori 
                WHERE r.status = 'tersedia' AND r.stok > 0 
                ORDER BY r.id_roti DESC
[2026-03-08 07:29:21] [DEBUG] Executing query: SELECT r.*, k.nama_kategori 
                FROM roti r 
                LEFT JOIN kategori k ON r.id_kategori = k.id_kategori 
                WHERE r.status = 'tersedia' AND r.stok > 0 
                ORDER BY r.id_roti DESC
[2026-03-08 07:30:07] [DEBUG] Executing query: SELECT r.*, k.nama_kategori 
                FROM roti r 
                LEFT JOIN kategori k ON r.id_kategori = k.id_kategori 
                WHERE r.status = 'tersedia' AND r.stok > 0 
                ORDER BY r.id_roti DESC
[2026-03-08 07:30:08] [DEBUG] Executing query: SELECT r.*, k.nama_kategori 
                FROM roti r 
                LEFT JOIN kategori k ON r.id_kategori = k.id_kategori 
                WHERE r.status = 'tersedia' AND r.stok > 0 
                ORDER BY r.id_roti DESC
[2026-03-08 07:30:09] [DEBUG] Executing query: SELECT r.*, k.nama_kategori 
                FROM roti r 
                LEFT JOIN kategori k ON r.id_kategori = k.id_kategori 
                WHERE r.status = 'tersedia' AND r.stok > 0 
                ORDER BY r.id_roti DESC
[2026-03-08 07:30:28] [DEBUG] Executing query: SELECT r.*, k.nama_kategori 
                FROM roti r 
                LEFT JOIN kategori k ON r.id_kategori = k.id_kategori 
                WHERE r.status = 'tersedia' AND r.stok > 0 
                ORDER BY r.id_roti DESC
[2026-03-08 07:44:56] [DEBUG] Executing query: SELECT r.*, k.nama_kategori 
                FROM roti r 
                LEFT JOIN kategori k ON r.id_kategori = k.id_kategori 
                WHERE r.status = 'tersedia' AND r.stok > 0 
                ORDER BY r.id_roti DESC
[2026-03-08 07:44:58] [DEBUG] Executing query: SELECT r.*, k.nama_kategori 
                FROM roti r 
                LEFT JOIN kategori k ON r.id_kategori = k.id_kategori 
                WHERE r.status = 'tersedia' AND r.stok > 0 
                ORDER BY r.id_roti DESC
[2026-03-08 07:46:20] [DEBUG] Executing query: SELECT r.*, k.nama_kategori 
                FROM roti r 
                LEFT JOIN kategori k ON r.id_kategori = k.id_kategori 
                WHERE r.status = 'tersedia' AND r.stok > 0 
                ORDER BY r.id_roti DESC
[2026-03-08 07:51:29] [DEBUG] Executing query: SELECT r.*, k.nama_kategori 
                FROM roti r 
                LEFT JOIN kategori k ON r.id_kategori = k.id_kategori 
                WHERE r.status = 'tersedia' AND r.stok > 0 
                ORDER BY r.id_roti DESC
[2026-03-08 07:51:30] [DEBUG] Executing query: SELECT r.*, k.nama_kategori 
                FROM roti r 
                LEFT JOIN kategori k ON r.id_kategori = k.id_kategori 
                WHERE r.status = 'tersedia' AND r.stok > 0 
                ORDER BY r.id_roti DESC
[2026-03-08 07:51:31] [DEBUG] Executing query: SELECT r.*, k.nama_kategori 
                FROM roti r 
                LEFT JOIN kategori k ON r.id_kategori = k.id_kategori 
                WHERE r.status = 'tersedia' AND r.stok > 0 
                ORDER BY r.id_roti DESC
[2026-03-08 07:51:31] [DEBUG] Executing query: SELECT r.*, k.nama_kategori 
                FROM roti r 
                LEFT JOIN kategori k ON r.id_kategori = k.id_kategori 
                WHERE r.status = 'tersedia' AND r.stok > 0 
                ORDER BY r.id_roti DESC
[2026-03-08 07:51:31] [DEBUG] Executing query: SELECT r.*, k.nama_kategori 
                FROM roti r 
                LEFT JOIN kategori k ON r.id_kategori = k.id_kategori 
                WHERE r.status = 'tersedia' AND r.stok > 0 
                ORDER BY r.id_roti DESC
[2026-03-08 07:51:32] [DEBUG] Executing query: SELECT r.*, k.nama_kategori 
                FROM roti r 
                LEFT JOIN kategori k ON r.id_kategori = k.id_kategori 
                WHERE r.status = 'tersedia' AND r.stok > 0 
                ORDER BY r.id_roti DESC
[2026-03-08 07:52:38] [DEBUG] Executing query: SELECT r.*, k.nama_kategori 
                FROM roti r 
                LEFT JOIN kategori k ON r.id_kategori = k.id_kategori 
                WHERE r.status = 'tersedia' AND r.stok > 0 
                ORDER BY r.id_roti DESC
[2026-03-08 07:52:39] [DEBUG] Executing query: SELECT r.*, k.nama_kategori 
                FROM roti r 
                LEFT JOIN kategori k ON r.id_kategori = k.id_kategori 
                WHERE r.status = 'tersedia' AND r.stok > 0 
                ORDER BY r.id_roti DESC
[2026-03-08 07:52:40] [DEBUG] Executing query: SELECT r.*, k.nama_kategori 
                FROM roti r 
                LEFT JOIN kategori k ON r.id_kategori = k.id_kategori 
                WHERE r.status = 'tersedia' AND r.stok > 0 
                ORDER BY r.id_roti DESC
[2026-03-08 07:53:02] [DEBUG] Executing query: SELECT r.*, k.nama_kategori 
                FROM roti r 
                LEFT JOIN kategori k ON r.id_kategori = k.id_kategori 
                WHERE r.status = 'tersedia' AND r.stok > 0 
                ORDER BY r.id_roti DESC
[2026-03-08 07:53:03] [DEBUG] Executing query: SELECT r.*, k.nama_kategori 
                FROM roti r 
                LEFT JOIN kategori k ON r.id_kategori = k.id_kategori 
                WHERE r.status = 'tersedia' AND r.stok > 0 
                ORDER BY r.id_roti DESC
[2026-03-08 07:53:04] [DEBUG] Executing query: SELECT r.*, k.nama_kategori 
                FROM roti r 
                LEFT JOIN kategori k ON r.id_kategori = k.id_kategori 
                WHERE r.status = 'tersedia' AND r.stok > 0 
                ORDER BY r.id_roti DESC
[2026-03-08 07:53:10] [DEBUG] Executing query: SELECT r.*, k.nama_kategori 
                FROM roti r 
                LEFT JOIN kategori k ON r.id_kategori = k.id_kategori 
                WHERE r.status = 'tersedia' AND r.stok > 0 
                ORDER BY r.id_roti DESC
[2026-03-08 07:56:26] [DEBUG] Executing query: SELECT r.*, k.nama_kategori 
                FROM roti r 
                LEFT JOIN kategori k ON r.id_kategori = k.id_kategori 
                WHERE r.status = 'tersedia' AND r.stok > 0 
                ORDER BY r.id_roti DESC
[2026-03-08 07:56:27] [DEBUG] Executing query: SELECT r.*, k.nama_kategori 
                FROM roti r 
                LEFT JOIN kategori k ON r.id_kategori = k.id_kategori 
                WHERE r.status = 'tersedia' AND r.stok > 0 
                ORDER BY r.id_roti DESC
[2026-03-08 07:58:08] [DEBUG] Executing query: SELECT r.*, k.nama_kategori 
                FROM roti r 
                LEFT JOIN kategori k ON r.id_kategori = k.id_kategori 
                WHERE r.status = 'tersedia' AND r.stok > 0 
                ORDER BY r.id_roti DESC
[2026-03-08 07:58:09] [DEBUG] Executing query: SELECT r.*, k.nama_kategori 
                FROM roti r 
                LEFT JOIN kategori k ON r.id_kategori = k.id_kategori 
                WHERE r.status = 'tersedia' AND r.stok > 0 
                ORDER BY r.id_roti DESC
[2026-03-08 07:59:07] [DEBUG] Executing query: SELECT r.*, k.nama_kategori 
                FROM roti r 
                LEFT JOIN kategori k ON r.id_kategori = k.id_kategori 
                WHERE r.status = 'tersedia' AND r.stok > 0 
                ORDER BY r.id_roti DESC
[2026-03-08 08:00:33] [DEBUG] Executing query: SELECT r.*, k.nama_kategori 
                FROM roti r 
                LEFT JOIN kategori k ON r.id_kategori = k.id_kategori 
                WHERE r.status = 'tersedia' AND r.stok > 0 
                ORDER BY r.id_roti DESC
[2026-03-08 08:00:34] [DEBUG] Executing query: SELECT r.*, k.nama_kategori 
                FROM roti r 
                LEFT JOIN kategori k ON r.id_kategori = k.id_kategori 
                WHERE r.status = 'tersedia' AND r.stok > 0 
                ORDER BY r.id_roti DESC
[2026-03-08 08:00:35] [DEBUG] Executing query: SELECT r.*, k.nama_kategori 
                FROM roti r 
                LEFT JOIN kategori k ON r.id_kategori = k.id_kategori 
                WHERE r.status = 'tersedia' AND r.stok > 0 
                ORDER BY r.id_roti DESC
[2026-03-08 08:03:11] [DEBUG] Executing query: SELECT r.*, k.nama_kategori 
                FROM roti r 
                LEFT JOIN kategori k ON r.id_kategori = k.id_kategori 
                WHERE r.status = 'tersedia' AND r.stok > 0 
                ORDER BY r.id_roti DESC
[2026-03-08 08:03:12] [DEBUG] Executing query: SELECT r.*, k.nama_kategori 
                FROM roti r 
                LEFT JOIN kategori k ON r.id_kategori = k.id_kategori 
                WHERE r.status = 'tersedia' AND r.stok > 0 
                ORDER BY r.id_roti DESC
[2026-03-08 08:03:12] [DEBUG] Executing query: SELECT r.*, k.nama_kategori 
                FROM roti r 
                LEFT JOIN kategori k ON r.id_kategori = k.id_kategori 
                WHERE r.status = 'tersedia' AND r.stok > 0 
                ORDER BY r.id_roti DESC
[2026-03-08 08:03:13] [DEBUG] Executing query: SELECT r.*, k.nama_kategori 
                FROM roti r 
                LEFT JOIN kategori k ON r.id_kategori = k.id_kategori 
                WHERE r.status = 'tersedia' AND r.stok > 0 
                ORDER BY r.id_roti DESC
[2026-03-08 08:04:08] [DEBUG] Executing query: SELECT r.*, k.nama_kategori 
                FROM roti r 
                LEFT JOIN kategori k ON r.id_kategori = k.id_kategori 
                WHERE r.status = 'tersedia' AND r.stok > 0 
                ORDER BY r.id_roti DESC
[2026-03-08 08:05:44] [DEBUG] Executing query: SELECT r.*, k.nama_kategori 
                FROM roti r 
                LEFT JOIN kategori k ON r.id_kategori = k.id_kategori 
                WHERE r.status = 'tersedia' AND r.stok > 0 
                ORDER BY r.id_roti DESC
[2026-03-08 08:06:07] [DEBUG] Executing query: SELECT r.*, k.nama_kategori 
                FROM roti r 
                LEFT JOIN kategori k ON r.id_kategori = k.id_kategori 
                WHERE r.status = 'tersedia' AND r.stok > 0 
                ORDER BY r.id_roti DESC
[2026-03-08 08:06:25] [DEBUG] Executing query: SELECT r.*, k.nama_kategori 
                FROM roti r 
                LEFT JOIN kategori k ON r.id_kategori = k.id_kategori 
                WHERE r.status = 'tersedia' AND r.stok > 0 
                ORDER BY r.id_roti DESC
[2026-03-08 08:06:25] [DEBUG] Executing query: SELECT * FROM roti WHERE id_roti = 11 LIMIT 1
[2026-03-08 08:06:25] [DEBUG] Executing query: SELECT r.*, k.nama_kategori 
                FROM roti r 
                LEFT JOIN kategori k ON r.id_kategori = k.id_kategori 
                WHERE r.status = 'tersedia' AND r.stok > 0 
                ORDER BY r.id_roti DESC
[2026-03-08 08:06:33] [DEBUG] Executing query: SELECT r.*, k.nama_kategori 
                FROM roti r 
                LEFT JOIN kategori k ON r.id_kategori = k.id_kategori 
                WHERE r.status = 'tersedia' AND r.stok > 0 
                ORDER BY r.id_roti DESC
[2026-03-08 08:06:33] [DEBUG] Executing query: SELECT * FROM roti WHERE id_roti = 12 LIMIT 1
[2026-03-08 08:06:33] [DEBUG] Executing query: SELECT r.*, k.nama_kategori 
                FROM roti r 
                LEFT JOIN kategori k ON r.id_kategori = k.id_kategori 
                WHERE r.status = 'tersedia' AND r.stok > 0 
                ORDER BY r.id_roti DESC
[2026-03-08 08:06:36] [DEBUG] Executing query: SELECT r.*, k.nama_kategori 
                FROM roti r 
                LEFT JOIN kategori k ON r.id_kategori = k.id_kategori 
                WHERE r.status = 'tersedia' AND r.stok > 0 
                ORDER BY r.id_roti DESC
[2026-03-08 08:06:36] [DEBUG] Executing query: SELECT * FROM roti WHERE id_roti = 5 LIMIT 1
[2026-03-08 08:06:36] [DEBUG] Executing query: SELECT r.*, k.nama_kategori 
                FROM roti r 
                LEFT JOIN kategori k ON r.id_kategori = k.id_kategori 
                WHERE r.status = 'tersedia' AND r.stok > 0 
                ORDER BY r.id_roti DESC
[2026-03-08 11:37:18] [DEBUG] Executing query: SELECT r.*, k.nama_kategori 
                FROM roti r 
                LEFT JOIN kategori k ON r.id_kategori = k.id_kategori 
                WHERE r.status = 'tersedia' AND r.stok > 0 
                ORDER BY r.id_roti DESC
[2026-03-08 11:40:53] [DEBUG] Executing query: SELECT r.*, k.nama_kategori 
                FROM roti r 
                LEFT JOIN kategori k ON r.id_kategori = k.id_kategori 
                WHERE r.status = 'tersedia' AND r.stok > 0 
                ORDER BY r.id_roti DESC
[2026-03-08 11:41:00] [INFO] User logged out from pelanggan
[2026-03-08 11:41:01] [DEBUG] Executing query: SELECT COUNT(*) as total FROM roti
[2026-03-08 11:41:01] [DEBUG] Executing query: SELECT COUNT(*) as total FROM pesanan
[2026-03-08 11:41:01] [DEBUG] Executing query: SELECT COUNT(*) as total FROM pesanan WHERE status_pesanan = 'menunggu'
[2026-03-08 11:41:01] [DEBUG] Executing query: SELECT COUNT(*) as total FROM pelanggan
[2026-03-08 11:41:01] [DEBUG] Executing query: SELECT SUM(total_harga) as total FROM pesanan WHERE status_pesanan = 'selesai'
[2026-03-08 11:41:01] [DEBUG] Executing query: SELECT p.*, IFNULL(pl.nama_pelanggan, p.nama_pelanggan) as nama 
                FROM pesanan p 
                LEFT JOIN pelanggan pl ON p.id_pelanggan = pl.id_pelanggan 
                ORDER BY p.created_at DESC 
                LIMIT 5
[2026-03-08 11:41:01] [DEBUG] Executing query: SELECT * FROM roti WHERE stok <= 5 AND status = 'tersedia' ORDER BY stok ASC
[2026-03-08 11:41:09] [INFO] User logged out from admin
[2026-03-08 11:41:15] [DEBUG] Executing query: SELECT * FROM admin WHERE username = 'admin' LIMIT 1
[2026-03-08 11:41:15] [INFO] Admin admin logged in successfully
[2026-03-08 11:41:15] [DEBUG] Executing query: SELECT COUNT(*) as total FROM roti
[2026-03-08 11:41:15] [DEBUG] Executing query: SELECT COUNT(*) as total FROM pesanan
[2026-03-08 11:41:15] [DEBUG] Executing query: SELECT COUNT(*) as total FROM pesanan WHERE status_pesanan = 'menunggu'
[2026-03-08 11:41:15] [DEBUG] Executing query: SELECT COUNT(*) as total FROM pelanggan
[2026-03-08 11:41:15] [DEBUG] Executing query: SELECT SUM(total_harga) as total FROM pesanan WHERE status_pesanan = 'selesai'
[2026-03-08 11:41:15] [DEBUG] Executing query: SELECT p.*, IFNULL(pl.nama_pelanggan, p.nama_pelanggan) as nama 
                FROM pesanan p 
                LEFT JOIN pelanggan pl ON p.id_pelanggan = pl.id_pelanggan 
                ORDER BY p.created_at DESC 
                LIMIT 5
[2026-03-08 11:41:15] [DEBUG] Executing query: SELECT * FROM roti WHERE stok <= 5 AND status = 'tersedia' ORDER BY stok ASC
[2026-03-08 11:42:16] [DEBUG] Executing query: SELECT COUNT(*) as total FROM roti
[2026-03-08 11:42:16] [DEBUG] Executing query: SELECT COUNT(*) as total FROM pesanan
[2026-03-08 11:42:16] [DEBUG] Executing query: SELECT COUNT(*) as total FROM pesanan WHERE status_pesanan = 'menunggu'
[2026-03-08 11:42:16] [DEBUG] Executing query: SELECT COUNT(*) as total FROM pelanggan
[2026-03-08 11:42:16] [DEBUG] Executing query: SELECT SUM(total_harga) as total FROM pesanan WHERE status_pesanan = 'selesai'
[2026-03-08 11:42:16] [DEBUG] Executing query: SELECT p.*, IFNULL(pl.nama_pelanggan, p.nama_pelanggan) as nama 
                FROM pesanan p 
                LEFT JOIN pelanggan pl ON p.id_pelanggan = pl.id_pelanggan 
                ORDER BY p.created_at DESC 
                LIMIT 5
[2026-03-08 11:42:16] [DEBUG] Executing query: SELECT * FROM roti WHERE stok <= 5 AND status = 'tersedia' ORDER BY stok ASC
[2026-03-08 11:42:22] [INFO] User logged out from admin
[2026-03-08 11:43:44] [DEBUG] Executing query: SELECT * FROM pelanggan WHERE email = 'Bagas@gmail.com' LIMIT 1
[2026-03-08 11:43:44] [INFO] Pelanggan Bagas@gmail.com logged in successfully
[2026-03-08 11:43:44] [DEBUG] Executing query: SELECT r.*, k.nama_kategori 
                FROM roti r 
                LEFT JOIN kategori k ON r.id_kategori = k.id_kategori 
                WHERE r.status = 'tersedia' AND r.stok > 0 
                ORDER BY r.id_roti DESC
[2026-03-08 11:43:50] [DEBUG] Executing query: SELECT r.*, k.nama_kategori 
                FROM roti r 
                LEFT JOIN kategori k ON r.id_kategori = k.id_kategori 
                WHERE r.status = 'tersedia' AND r.stok > 0 
                ORDER BY r.id_roti DESC
[2026-03-08 11:43:50] [DEBUG] Executing query: SELECT * FROM roti WHERE id_roti = 8 LIMIT 1
[2026-03-08 11:43:50] [DEBUG] Executing query: SELECT r.*, k.nama_kategori 
                FROM roti r 
                LEFT JOIN kategori k ON r.id_kategori = k.id_kategori 
                WHERE r.status = 'tersedia' AND r.stok > 0 
                ORDER BY r.id_roti DESC
[2026-03-08 11:43:53] [DEBUG] Executing query: SELECT r.*, k.nama_kategori 
                FROM roti r 
                LEFT JOIN kategori k ON r.id_kategori = k.id_kategori 
                WHERE r.status = 'tersedia' AND r.stok > 0 
                ORDER BY r.id_roti DESC
[2026-03-08 11:43:53] [DEBUG] Executing query: SELECT * FROM roti WHERE id_roti = 1 LIMIT 1
[2026-03-08 11:43:53] [DEBUG] Executing query: SELECT r.*, k.nama_kategori 
                FROM roti r 
                LEFT JOIN kategori k ON r.id_kategori = k.id_kategori 
                WHERE r.status = 'tersedia' AND r.stok > 0 
                ORDER BY r.id_roti DESC
[2026-03-08 11:43:54] [DEBUG] Executing query: SELECT r.*, k.nama_kategori 
                FROM roti r 
                LEFT JOIN kategori k ON r.id_kategori = k.id_kategori 
                WHERE r.status = 'tersedia' AND r.stok > 0 
                ORDER BY r.id_roti DESC
[2026-03-08 11:43:54] [DEBUG] Executing query: SELECT * FROM roti WHERE id_roti = 5 LIMIT 1
[2026-03-08 11:43:54] [DEBUG] Executing query: SELECT r.*, k.nama_kategori 
                FROM roti r 
                LEFT JOIN kategori k ON r.id_kategori = k.id_kategori 
                WHERE r.status = 'tersedia' AND r.stok > 0 
                ORDER BY r.id_roti DESC
[2026-03-08 11:43:57] [DEBUG] Executing query: SELECT r.*, k.nama_kategori 
                FROM roti r 
                LEFT JOIN kategori k ON r.id_kategori = k.id_kategori 
                WHERE r.status = 'tersedia' AND r.stok > 0 
                ORDER BY r.id_roti DESC
[2026-03-08 11:43:57] [DEBUG] Executing query: SELECT * FROM roti WHERE id_roti = 9 LIMIT 1
[2026-03-08 11:43:57] [DEBUG] Executing query: SELECT r.*, k.nama_kategori 
                FROM roti r 
                LEFT JOIN kategori k ON r.id_kategori = k.id_kategori 
                WHERE r.status = 'tersedia' AND r.stok > 0 
                ORDER BY r.id_roti DESC
[2026-03-08 11:44:10] [DEBUG] Executing query: SELECT r.*, k.nama_kategori 
                FROM roti r 
                LEFT JOIN kategori k ON r.id_kategori = k.id_kategori 
                WHERE r.status = 'tersedia' AND r.stok > 0 
                ORDER BY r.id_roti DESC
[2026-03-08 11:44:10] [DEBUG] Executing query: SELECT * FROM roti WHERE id_roti = 7 LIMIT 1
[2026-03-08 11:44:10] [DEBUG] Executing query: SELECT r.*, k.nama_kategori 
                FROM roti r 
                LEFT JOIN kategori k ON r.id_kategori = k.id_kategori 
                WHERE r.status = 'tersedia' AND r.stok > 0 
                ORDER BY r.id_roti DESC
[2026-03-08 11:47:48] [INFO] User logged out from pelanggan
[2026-03-08 11:48:04] [DEBUG] Executing query: SELECT * FROM pelanggan WHERE email = 'aulia.rahma@gmail.com' LIMIT 1
[2026-03-08 11:48:04] [WARNING] Failed login attempt for pelanggan: aulia.rahma@gmail.com - Wrong password
[2026-03-08 11:48:11] [DEBUG] Executing query: SELECT * FROM pelanggan WHERE email = 'aulia.rahma@gmail.com' LIMIT 1
[2026-03-08 11:48:11] [INFO] Pelanggan aulia.rahma@gmail.com logged in successfully
[2026-03-08 11:48:11] [DEBUG] Executing query: SELECT r.*, k.nama_kategori 
                FROM roti r 
                LEFT JOIN kategori k ON r.id_kategori = k.id_kategori 
                WHERE r.status = 'tersedia' AND r.stok > 0 
                ORDER BY r.id_roti DESC
[2026-03-08 11:48:16] [DEBUG] Executing query: SELECT r.*, k.nama_kategori 
                FROM roti r 
                LEFT JOIN kategori k ON r.id_kategori = k.id_kategori 
                WHERE r.status = 'tersedia' AND r.stok > 0 
                ORDER BY r.id_roti DESC
[2026-03-08 11:48:16] [DEBUG] Executing query: SELECT * FROM roti WHERE id_roti = 3 LIMIT 1
[2026-03-08 11:48:16] [DEBUG] Executing query: SELECT r.*, k.nama_kategori 
                FROM roti r 
                LEFT JOIN kategori k ON r.id_kategori = k.id_kategori 
                WHERE r.status = 'tersedia' AND r.stok > 0 
                ORDER BY r.id_roti DESC
[2026-03-08 11:48:19] [DEBUG] Executing query: SELECT r.*, k.nama_kategori 
                FROM roti r 
                LEFT JOIN kategori k ON r.id_kategori = k.id_kategori 
                WHERE r.status = 'tersedia' AND r.stok > 0 
                ORDER BY r.id_roti DESC
[2026-03-08 11:48:19] [DEBUG] Executing query: SELECT * FROM roti WHERE id_roti = 7 LIMIT 1
[2026-03-08 11:48:19] [DEBUG] Executing query: SELECT r.*, k.nama_kategori 
                FROM roti r 
                LEFT JOIN kategori k ON r.id_kategori = k.id_kategori 
                WHERE r.status = 'tersedia' AND r.stok > 0 
                ORDER BY r.id_roti DESC
[2026-03-08 11:48:20] [DEBUG] Executing query: SELECT r.*, k.nama_kategori 
                FROM roti r 
                LEFT JOIN kategori k ON r.id_kategori = k.id_kategori 
                WHERE r.status = 'tersedia' AND r.stok > 0 
                ORDER BY r.id_roti DESC
[2026-03-08 11:48:20] [DEBUG] Executing query: SELECT * FROM roti WHERE id_roti = 10 LIMIT 1
[2026-03-08 11:48:20] [DEBUG] Executing query: SELECT r.*, k.nama_kategori 
                FROM roti r 
                LEFT JOIN kategori k ON r.id_kategori = k.id_kategori 
                WHERE r.status = 'tersedia' AND r.stok > 0 
                ORDER BY r.id_roti DESC
[2026-03-08 11:48:21] [DEBUG] Executing query: SELECT r.*, k.nama_kategori 
                FROM roti r 
                LEFT JOIN kategori k ON r.id_kategori = k.id_kategori 
                WHERE r.status = 'tersedia' AND r.stok > 0 
                ORDER BY r.id_roti DESC
[2026-03-08 11:48:21] [DEBUG] Executing query: SELECT * FROM roti WHERE id_roti = 11 LIMIT 1
[2026-03-08 11:48:21] [DEBUG] Executing query: SELECT r.*, k.nama_kategori 
                FROM roti r 
                LEFT JOIN kategori k ON r.id_kategori = k.id_kategori 
                WHERE r.status = 'tersedia' AND r.stok > 0 
                ORDER BY r.id_roti DESC
[2026-03-08 11:48:23] [DEBUG] Executing query: SELECT r.*, k.nama_kategori 
                FROM roti r 
                LEFT JOIN kategori k ON r.id_kategori = k.id_kategori 
                WHERE r.status = 'tersedia' AND r.stok > 0 
                ORDER BY r.id_roti DESC
[2026-03-08 11:48:23] [DEBUG] Executing query: SELECT * FROM roti WHERE id_roti = 11 LIMIT 1
[2026-03-08 11:48:23] [DEBUG] Executing query: SELECT r.*, k.nama_kategori 
                FROM roti r 
                LEFT JOIN kategori k ON r.id_kategori = k.id_kategori 
                WHERE r.status = 'tersedia' AND r.stok > 0 
                ORDER BY r.id_roti DESC
[2026-03-08 11:48:25] [DEBUG] Executing query: SELECT r.*, k.nama_kategori 
                FROM roti r 
                LEFT JOIN kategori k ON r.id_kategori = k.id_kategori 
                WHERE r.status = 'tersedia' AND r.stok > 0 
                ORDER BY r.id_roti DESC
[2026-03-08 11:48:25] [DEBUG] Executing query: SELECT * FROM roti WHERE id_roti = 12 LIMIT 1
[2026-03-08 11:48:25] [DEBUG] Executing query: SELECT r.*, k.nama_kategori 
                FROM roti r 
                LEFT JOIN kategori k ON r.id_kategori = k.id_kategori 
                WHERE r.status = 'tersedia' AND r.stok > 0 
                ORDER BY r.id_roti DESC
[2026-03-08 11:48:26] [DEBUG] Executing query: SELECT r.*, k.nama_kategori 
                FROM roti r 
                LEFT JOIN kategori k ON r.id_kategori = k.id_kategori 
                WHERE r.status = 'tersedia' AND r.stok > 0 
                ORDER BY r.id_roti DESC
[2026-03-08 11:48:26] [DEBUG] Executing query: SELECT * FROM roti WHERE id_roti = 11 LIMIT 1
[2026-03-08 11:48:26] [DEBUG] Executing query: SELECT r.*, k.nama_kategori 
                FROM roti r 
                LEFT JOIN kategori k ON r.id_kategori = k.id_kategori 
                WHERE r.status = 'tersedia' AND r.stok > 0 
                ORDER BY r.id_roti DESC
[2026-03-08 11:48:27] [DEBUG] Executing query: SELECT r.*, k.nama_kategori 
                FROM roti r 
                LEFT JOIN kategori k ON r.id_kategori = k.id_kategori 
                WHERE r.status = 'tersedia' AND r.stok > 0 
                ORDER BY r.id_roti DESC
[2026-03-08 11:48:27] [DEBUG] Executing query: SELECT * FROM roti WHERE id_roti = 11 LIMIT 1
[2026-03-08 11:48:27] [DEBUG] Executing query: SELECT r.*, k.nama_kategori 
                FROM roti r 
                LEFT JOIN kategori k ON r.id_kategori = k.id_kategori 
                WHERE r.status = 'tersedia' AND r.stok > 0 
                ORDER BY r.id_roti DESC
[2026-03-08 11:48:29] [DEBUG] Executing query: SELECT r.*, k.nama_kategori 
                FROM roti r 
                LEFT JOIN kategori k ON r.id_kategori = k.id_kategori 
                WHERE r.status = 'tersedia' AND r.stok > 0 
                ORDER BY r.id_roti DESC
[2026-03-08 11:48:29] [DEBUG] Executing query: SELECT * FROM roti WHERE id_roti = 11 LIMIT 1
[2026-03-08 11:48:29] [DEBUG] Executing query: SELECT r.*, k.nama_kategori 
                FROM roti r 
                LEFT JOIN kategori k ON r.id_kategori = k.id_kategori 
                WHERE r.status = 'tersedia' AND r.stok > 0 
                ORDER BY r.id_roti DESC
[2026-03-08 11:54:07] [INFO] User logged out from pelanggan
[2026-03-08 11:54:15] [DEBUG] Executing query: SELECT * FROM admin WHERE username = 'admin' LIMIT 1
[2026-03-08 11:54:15] [INFO] Admin admin logged in successfully
[2026-03-08 11:54:16] [DEBUG] Executing query: SELECT COUNT(*) as total FROM roti
[2026-03-08 11:54:16] [DEBUG] Executing query: SELECT COUNT(*) as total FROM pesanan
[2026-03-08 11:54:16] [DEBUG] Executing query: SELECT COUNT(*) as total FROM pesanan WHERE status_pesanan = 'menunggu'
[2026-03-08 11:54:16] [DEBUG] Executing query: SELECT COUNT(*) as total FROM pelanggan
[2026-03-08 11:54:16] [DEBUG] Executing query: SELECT SUM(total_harga) as total FROM pesanan WHERE status_pesanan = 'selesai'
[2026-03-08 11:54:16] [DEBUG] Executing query: SELECT p.*, IFNULL(pl.nama_pelanggan, p.nama_pelanggan) as nama 
                FROM pesanan p 
                LEFT JOIN pelanggan pl ON p.id_pelanggan = pl.id_pelanggan 
                ORDER BY p.created_at DESC 
                LIMIT 5
[2026-03-08 11:54:16] [DEBUG] Executing query: SELECT * FROM roti WHERE stok <= 5 AND status = 'tersedia' ORDER BY stok ASC
[2026-03-08 11:56:04] [DEBUG] Executing query: SELECT COUNT(*) as total FROM roti
[2026-03-08 11:56:04] [DEBUG] Executing query: SELECT COUNT(*) as total FROM pesanan
[2026-03-08 11:56:04] [DEBUG] Executing query: SELECT COUNT(*) as total FROM pesanan WHERE status_pesanan = 'menunggu'
[2026-03-08 11:56:04] [DEBUG] Executing query: SELECT COUNT(*) as total FROM pelanggan
[2026-03-08 11:56:04] [DEBUG] Executing query: SELECT SUM(total_harga) as total FROM pesanan WHERE status_pesanan = 'selesai'
[2026-03-08 11:56:04] [DEBUG] Executing query: SELECT p.*, IFNULL(pl.nama_pelanggan, p.nama_pelanggan) as nama 
                FROM pesanan p 
                LEFT JOIN pelanggan pl ON p.id_pelanggan = pl.id_pelanggan 
                ORDER BY p.created_at DESC 
                LIMIT 5
[2026-03-08 11:56:04] [DEBUG] Executing query: SELECT * FROM roti WHERE stok <= 5 AND status = 'tersedia' ORDER BY stok ASC
[2026-03-08 11:56:05] [INFO] User logged out from admin
[2026-03-08 11:56:43] [DEBUG] Executing query: SELECT * FROM pelanggan WHERE email = 'Bagas@gmail.com' LIMIT 1
[2026-03-08 11:56:43] [INFO] Pelanggan Bagas@gmail.com logged in successfully
[2026-03-08 11:56:43] [DEBUG] Executing query: SELECT r.*, k.nama_kategori 
                FROM roti r 
                LEFT JOIN kategori k ON r.id_kategori = k.id_kategori 
                WHERE r.status = 'tersedia' AND r.stok > 0 
                ORDER BY r.id_roti DESC
[2026-03-08 12:05:01] [INFO] User logged out from pelanggan
[2026-03-08 12:05:16] [DEBUG] Executing query: SELECT * FROM pelanggan WHERE email = 'dimas.pratama@yahoo.com' LIMIT 1
[2026-03-08 12:05:16] [INFO] Pelanggan dimas.pratama@yahoo.com logged in successfully
[2026-03-08 12:05:16] [DEBUG] Executing query: SELECT r.*, k.nama_kategori 
                FROM roti r 
                LEFT JOIN kategori k ON r.id_kategori = k.id_kategori 
                WHERE r.status = 'tersedia' AND r.stok > 0 
                ORDER BY r.id_roti DESC
[2026-03-08 12:05:19] [DEBUG] Executing query: SELECT r.*, k.nama_kategori 
                FROM roti r 
                LEFT JOIN kategori k ON r.id_kategori = k.id_kategori 
                WHERE r.status = 'tersedia' AND r.stok > 0 
                ORDER BY r.id_roti DESC
[2026-03-08 12:05:19] [DEBUG] Executing query: SELECT * FROM roti WHERE id_roti = 10 LIMIT 1
[2026-03-08 12:05:19] [DEBUG] Executing query: SELECT r.*, k.nama_kategori 
                FROM roti r 
                LEFT JOIN kategori k ON r.id_kategori = k.id_kategori 
                WHERE r.status = 'tersedia' AND r.stok > 0 
                ORDER BY r.id_roti DESC
[2026-03-08 12:51:25] [DEBUG] Executing query: SELECT r.*, k.nama_kategori 
                FROM roti r 
                LEFT JOIN kategori k ON r.id_kategori = k.id_kategori 
                WHERE r.status = 'tersedia' AND r.stok > 0 
                ORDER BY r.id_roti DESC
[2026-03-08 12:51:28] [INFO] User logged out from pelanggan
[2026-03-08 12:51:35] [DEBUG] Executing query: SELECT * FROM admin WHERE username = 'admin' LIMIT 1
[2026-03-08 12:51:35] [INFO] Admin admin logged in successfully
[2026-03-08 12:51:35] [DEBUG] Executing query: SELECT COUNT(*) as total FROM roti
[2026-03-08 12:51:35] [DEBUG] Executing query: SELECT COUNT(*) as total FROM pesanan
[2026-03-08 12:51:35] [DEBUG] Executing query: SELECT COUNT(*) as total FROM pesanan WHERE status_pesanan = 'menunggu'
[2026-03-08 12:51:35] [DEBUG] Executing query: SELECT COUNT(*) as total FROM pelanggan
[2026-03-08 12:51:35] [DEBUG] Executing query: SELECT SUM(total_harga) as total FROM pesanan WHERE status_pesanan = 'selesai'
[2026-03-08 12:51:35] [DEBUG] Executing query: SELECT p.*, IFNULL(pl.nama_pelanggan, p.nama_pelanggan) as nama 
                FROM pesanan p 
                LEFT JOIN pelanggan pl ON p.id_pelanggan = pl.id_pelanggan 
                ORDER BY p.created_at DESC 
                LIMIT 5
[2026-03-08 12:51:35] [DEBUG] Executing query: SELECT * FROM roti WHERE stok <= 5 AND status = 'tersedia' ORDER BY stok ASC
[2026-03-08 12:51:40] [INFO] User logged out from admin
[2026-03-08 12:51:46] [DEBUG] Executing query: SELECT * FROM admin WHERE username = 'admin' LIMIT 1
[2026-03-08 12:51:46] [INFO] Admin admin logged in successfully
[2026-03-08 12:51:46] [DEBUG] Executing query: SELECT COUNT(*) as total FROM roti
[2026-03-08 12:51:46] [DEBUG] Executing query: SELECT COUNT(*) as total FROM pesanan
[2026-03-08 12:51:46] [DEBUG] Executing query: SELECT COUNT(*) as total FROM pesanan WHERE status_pesanan = 'menunggu'
[2026-03-08 12:51:46] [DEBUG] Executing query: SELECT COUNT(*) as total FROM pelanggan
[2026-03-08 12:51:46] [DEBUG] Executing query: SELECT SUM(total_harga) as total FROM pesanan WHERE status_pesanan = 'selesai'
[2026-03-08 12:51:46] [DEBUG] Executing query: SELECT p.*, IFNULL(pl.nama_pelanggan, p.nama_pelanggan) as nama 
                FROM pesanan p 
                LEFT JOIN pelanggan pl ON p.id_pelanggan = pl.id_pelanggan 
                ORDER BY p.created_at DESC 
                LIMIT 5
[2026-03-08 12:51:46] [DEBUG] Executing query: SELECT * FROM roti WHERE stok <= 5 AND status = 'tersedia' ORDER BY stok ASC
[2026-03-08 12:55:48] [DEBUG] Executing query: SELECT COUNT(*) as total FROM roti
[2026-03-08 12:55:48] [DEBUG] Executing query: SELECT COUNT(*) as total FROM pesanan
[2026-03-08 12:55:48] [DEBUG] Executing query: SELECT COUNT(*) as total FROM pesanan WHERE status_pesanan = 'menunggu'
[2026-03-08 12:55:48] [DEBUG] Executing query: SELECT COUNT(*) as total FROM pelanggan
[2026-03-08 12:55:48] [DEBUG] Executing query: SELECT SUM(total_harga) as total FROM pesanan WHERE status_pesanan = 'selesai'
[2026-03-08 12:55:48] [DEBUG] Executing query: SELECT p.*, IFNULL(pl.nama_pelanggan, p.nama_pelanggan) as nama 
                FROM pesanan p 
                LEFT JOIN pelanggan pl ON p.id_pelanggan = pl.id_pelanggan 
                ORDER BY p.created_at DESC 
                LIMIT 5
[2026-03-08 12:55:48] [DEBUG] Executing query: SELECT * FROM roti WHERE stok <= 5 AND status = 'tersedia' ORDER BY stok ASC
[2026-03-08 13:12:18] [DEBUG] Executing query: SELECT COUNT(*) as total FROM roti
[2026-03-08 13:12:18] [DEBUG] Executing query: SELECT COUNT(*) as total FROM pesanan
[2026-03-08 13:12:18] [DEBUG] Executing query: SELECT COUNT(*) as total FROM pesanan WHERE status_pesanan = 'menunggu'
[2026-03-08 13:12:18] [DEBUG] Executing query: SELECT COUNT(*) as total FROM pelanggan
[2026-03-08 13:12:18] [DEBUG] Executing query: SELECT SUM(total_harga) as total FROM pesanan WHERE status_pesanan = 'selesai'
[2026-03-08 13:12:18] [DEBUG] Executing query: SELECT p.*, IFNULL(pl.nama_pelanggan, p.nama_pelanggan) as nama 
                FROM pesanan p 
                LEFT JOIN pelanggan pl ON p.id_pelanggan = pl.id_pelanggan 
                ORDER BY p.created_at DESC 
                LIMIT 5
[2026-03-08 13:12:18] [DEBUG] Executing query: SELECT * FROM roti WHERE stok <= 5 AND status = 'tersedia' ORDER BY stok ASC
[2026-03-08 13:19:41] [DEBUG] Executing query: SELECT COUNT(*) as total FROM roti
[2026-03-08 13:19:41] [DEBUG] Executing query: SELECT COUNT(*) as total FROM pesanan
[2026-03-08 13:19:41] [DEBUG] Executing query: SELECT COUNT(*) as total FROM pesanan WHERE status_pesanan = 'menunggu'
[2026-03-08 13:19:41] [DEBUG] Executing query: SELECT COUNT(*) as total FROM pelanggan
[2026-03-08 13:19:41] [DEBUG] Executing query: SELECT SUM(total_harga) as total FROM pesanan WHERE status_pesanan = 'selesai'
[2026-03-08 13:19:41] [DEBUG] Executing query: SELECT p.*, IFNULL(pl.nama_pelanggan, p.nama_pelanggan) as nama 
                FROM pesanan p 
                LEFT JOIN pelanggan pl ON p.id_pelanggan = pl.id_pelanggan 
                ORDER BY p.created_at DESC 
                LIMIT 5
[2026-03-08 13:19:41] [DEBUG] Executing query: SELECT * FROM roti WHERE stok <= 5 AND status = 'tersedia' ORDER BY stok ASC
[2026-03-08 13:32:23] [DEBUG] Executing query: SELECT COUNT(*) as total FROM roti
[2026-03-08 13:32:23] [DEBUG] Executing query: SELECT COUNT(*) as total FROM pesanan
[2026-03-08 13:32:23] [DEBUG] Executing query: SELECT COUNT(*) as total FROM pesanan WHERE status_pesanan = 'menunggu'
[2026-03-08 13:32:23] [DEBUG] Executing query: SELECT COUNT(*) as total FROM pelanggan
[2026-03-08 13:32:23] [DEBUG] Executing query: SELECT SUM(total_harga) as total FROM pesanan WHERE status_pesanan = 'selesai'
[2026-03-08 13:32:23] [DEBUG] Executing query: SELECT p.*, IFNULL(pl.nama_pelanggan, p.nama_pelanggan) as nama 
                FROM pesanan p 
                LEFT JOIN pelanggan pl ON p.id_pelanggan = pl.id_pelanggan 
                ORDER BY p.created_at DESC 
                LIMIT 5
[2026-03-08 13:32:23] [DEBUG] Executing query: SELECT * FROM roti WHERE stok <= 5 AND status = 'tersedia' ORDER BY stok ASC
[2026-03-08 13:32:38] [DEBUG] Executing query: SELECT COUNT(*) as total FROM roti
[2026-03-08 13:32:38] [DEBUG] Executing query: SELECT COUNT(*) as total FROM pesanan
[2026-03-08 13:32:38] [DEBUG] Executing query: SELECT COUNT(*) as total FROM pesanan WHERE status_pesanan = 'menunggu'
[2026-03-08 13:32:38] [DEBUG] Executing query: SELECT COUNT(*) as total FROM pelanggan
[2026-03-08 13:32:38] [DEBUG] Executing query: SELECT SUM(total_harga) as total FROM pesanan WHERE status_pesanan = 'selesai'
[2026-03-08 13:32:38] [DEBUG] Executing query: SELECT p.*, IFNULL(pl.nama_pelanggan, p.nama_pelanggan) as nama 
                FROM pesanan p 
                LEFT JOIN pelanggan pl ON p.id_pelanggan = pl.id_pelanggan 
                ORDER BY p.created_at DESC 
                LIMIT 5
[2026-03-08 13:32:38] [DEBUG] Executing query: SELECT * FROM roti WHERE stok <= 5 AND status = 'tersedia' ORDER BY stok ASC
[2026-03-08 13:41:59] [DEBUG] Executing query: SELECT COUNT(*) as total FROM roti
[2026-03-08 13:41:59] [DEBUG] Executing query: SELECT COUNT(*) as total FROM pesanan
[2026-03-08 13:41:59] [DEBUG] Executing query: SELECT COUNT(*) as total FROM pesanan WHERE status_pesanan = 'menunggu'
[2026-03-08 13:41:59] [DEBUG] Executing query: SELECT COUNT(*) as total FROM pelanggan
[2026-03-08 13:41:59] [DEBUG] Executing query: SELECT SUM(total_harga) as total FROM pesanan WHERE status_pesanan = 'selesai'
[2026-03-08 13:41:59] [DEBUG] Executing query: SELECT p.*, IFNULL(pl.nama_pelanggan, p.nama_pelanggan) as nama 
                FROM pesanan p 
                LEFT JOIN pelanggan pl ON p.id_pelanggan = pl.id_pelanggan 
                ORDER BY p.created_at DESC 
                LIMIT 5
[2026-03-08 13:41:59] [DEBUG] Executing query: SELECT * FROM roti WHERE stok <= 5 AND status = 'tersedia' ORDER BY stok ASC
[2026-03-08 13:42:01] [INFO] User logged out from admin
